Script started on Wed Jan  9 13:36:12 2013

]0;ishayahu@pcbsd-8463:/usr/ports/x11-toolkits/py-wxPython28[[1mishayahu@pcbsd-8463[m] [1m/usr/ports/x11-toolkits/py-wxPython28[m# exitgit[Kls[Krm -rdf pgadmin3[16Dcd ..[K[5Dls[Krm -rdf pgadmin3[16Dexit[Kgit[K fetch pgadmin3[15D[Kexitrm -rdf pgadmin3[16Dls[Kcd ..[5Drm -rdf pgadmin3[16Dls[Kgitexit[Kexitgit[Kls[Krm -rdf pgadmin3[16Dcd ..[K[5Dls[Krm -rdf pgadmin3[K[K[K[K[K[K[K[K[K[K[K[K[K[Kcd /usr/ports/x11-toolk its/py-wxPython28/ && make install clean
===>   py27-wxPython-2.8.12.1_1 depends on file: /usr/local/bin/python2.7 - found
===>   py27-wxPython-2.8.12.1_1 depends on executable: gmake - found
===>   py27-wxPython-2.8.12.1_1 depends on shared library: intl - found
===>   py27-wxPython-2.8.12.1_1 depends on shared library: wx_gtk2_fl-2.8 - not found
===>    Verifying install for wx_gtk2_fl-2.8 in /usr/ports/x11-toolkits/wxgtk28-contrib
===>  Building for wxgtk2-contrib-2.8.12_1
cd src; gmake
gmake[1]: Ð’Ñ…Ð¾Ð´ Ð² ÐºÐ°Ñ‚Ð°Ð»Ð¾Ð³ `/usr/ports/x11-toolkits/wxgtk28-contrib/work/wxGTK-2.8.12/contrib/src'
gmake[2]: Ð’Ñ…Ð¾Ð´ Ð² ÐºÐ°Ñ‚Ð°Ð»Ð¾Ð³ `/usr/ports/x11-toolkits/wxgtk28-contrib/work/wxGTK-2.8.12/contrib/src/fl'
/usr/ports/x11-toolkits/wxgtk28-contrib/work/wxGTK-2.8.12/bk-make-pch ./.pch/wxprec_fldll/wx/wxprec.h.gch wx/wxprec.h c++ -I./.pch/wxprec_fldll -D__WXGTK__     -DWXBUILDING -I./../../include -DWXUSINGDLL -DWXMAKINGDLL_FL -fPIC -DPIC  -O2 -pipe -fno-strict-aliasing 
error: can't find header wx/wxprec.h in include paths
/usr/ports/x11-toolkits/wxgtk28-contrib/work/wxGTK-2.8.12/bk-deps c++ -c -o fldll_antiflickpl.o -I./.pch/wxprec_fldll -D__WXGTK__     -DWXBUILDING -I./../../include -DWXUSINGDLL -DWXMAKINGDLL_FL -fPIC -DPIC  -O2 -pipe -fno-strict-aliasing  ./antiflickpl.cpp
/usr/ports/x11-toolkits/wxgtk28-contrib/work/wxGTK-2.8.12/bk-deps c++ -c -o fldll_bardragpl.o -I./.pch/wxprec_fldll -D__WXGTK__     -DWXBUILDING -I./../../include -DWXUSINGDLL -DWXMAKINGDLL_FL -fPIC -DPIC  -O2 -pipe -fno-strict-aliasing  ./bardragpl.cpp
/usr/ports/x11-toolkits/wxgtk28-contrib/work/wxGTK-2.8.12/bk-deps c++ -c -o fldll_barhintspl.o -I./.pch/wxprec_fldll -D__WXGTK__     -DWXBUILDING -I./../../include -DWXUSINGDLL -DWXMAKINGDLL_FL -fPIC -DPIC  -O2 -pipe -fno-strict-aliasing  ./barhintspl.cpp
/usr/ports/x11-toolkits/wxgtk28-contrib/work/wxGTK-2.8.12/bk-deps c++ -c -o fldll_cbcustom.o -I./.pch/wxprec_fldll -D__WXGTK__     -DWXBUILDING -I./../../include -DWXUSINGDLL -DWXMAKINGDLL_FL -fPIC -DPIC  -O2 -pipe -fno-strict-aliasing  ./cbcustom.cpp
./antiflickpl.cpp:13:23: error: wx/wxprec.h: No such file or directory
./antiflickpl.cpp:20:19: error: wx/wx.h: No such file or directory
./barhintspl.cpp:13:23:In file included from ./../../include/wx/fl/antiflickpl.h:15 error: wx/wxprec.h: No such file or directory
./barhintspl.cpp:20:19: error: wx/wx.h: No such file or directory,
                 from ./antiflickpl.cpp:23:
./../../include/wx/fl/controlbar.h:16:21: error: wx/defs.h: No such file or directory
./../../include/wx/fl/controlbar.h:17:23: error: wx/string.h: No such file or directory
./barhintspl.cpp:23:22: error: wx/utils.h: No such file or directory

./../../include/wx/fl/controlbar.h:18:20: ./cbcustom.cpp:13:23:error: wx/pen.h: No such file or directory
 ./../../include/wx/fl/controlbar.h:19:23: error: wx/window.h: No such file or directory
error: wx/wxprec.h: No such file or directoryIn file included from ./../../include/wx/fl/barhintspl.h:15,
                 from ./barhintspl.cpp:24:
./../../include/wx/fl/controlbar.h:16:21: error: wx/defs.h: No such file or directory
./../../include/wx/fl/controlbar.h:20:25: error: ./../../include/wx/fl/controlbar.h:17:23: error: wx/string.h: No such file or directory
wx/dynarray.h: No such file or directory

./cbcustom.cpp:20:19:./../../include/wx/fl/controlbar.h:18:20: error:  error: wx/wx.h: No such file or directory
wx/pen.h: No such file or directory
./../../include/wx/fl/controlbar.h:19:23: In file included from ./../../include/wx/fl/cbcustom.h:15,
                 from ./cbcustom.cpp:23error: wx/window.h: No such file or directory
./../../include/wx/fl/controlbar.h:20:25: error: wx/dynarray.h: No such file or directory
:
./../../include/wx/fl/controlbar.h:16:21: error: wx/defs.h: No such file or directory
./../../include/wx/fl/controlbar.h:17:23: error: In file included from ./../../include/wx/fl/antiflickpl.h:15,
                 from ./antiflickpl.cpp:23:
./../../include/wx/fl/controlbar.h:27: error: aggregate 'WXEXPORT wxFrameLayout' has incomplete type and cannot be definedwx/string.h: No such file or directory
./../../include/wx/fl/controlbar.h:18:20: error: wx/pen.h: No such file or directory

./../../include/wx/fl/controlbar.h:29: error: aggregate 'WXEXPORT cbDockPane' has incomplete type and cannot be defined
./../../include/wx/fl/controlbar.h:30: error: aggregate 'WXEXPORT cbUpdatesManagerBase' has incomplete type and cannot be defined
./../../include/wx/fl/controlbar.h:19:23: error: wx/window.h: No such file or directory
./../../include/wx/fl/controlbar.h:31: error: aggregate 'WXEXPORT cbBarDimHandlerBase' has incomplete type and cannot be defined./../../include/wx/fl/controlbar.h:20:25: error: In file included from ./../../include/wx/fl/barhintspl.h:16,
                 from ./barhintspl.cpp:24:
./../../include/wx/fl/toolwnd.h:16:22: error: wx/frame.h: No such file or directory
wx/dynarray.h: No such file or directory

./bardragpl.cpp:13:23: error: wx/wxprec.h: No such file or directory./../../include/wx/fl/controlbar.h:32: error: aggregate 'WXEXPORT cbPluginBase' has incomplete type and cannot be defined
./../../include/wx/fl/controlbar.h:33: error: aggregate 'WXEXPORT cbPluginEvent' has incomplete type and cannot be defined
./../../include/wx/fl/controlbar.h:34: error: aggregate 'WXEXPORT cbPaneDrawPlugin' has incomplete type and cannot be defined

In file included from ./../../include/wx/fl/barhintspl.h:15,
                 from ./barhintspl.cpp:24:
./../../include/wx/fl/controlbar.h:27: error: aggregate 'WXEXPORT wxFrameLayout' has incomplete type and cannot be defined./../../include/wx/fl/controlbar.h:36: error: aggregate 'WXEXPORT cbBarInfo' has incomplete type and cannot be defined
./bardragpl.cpp:20:19: error: wx/wx.h: No such file or directory

./../../include/wx/fl/controlbar.h:29: error: aggregate 'WXEXPORT cbDockPane' has incomplete type and cannot be defined
./../../include/wx/fl/controlbar.h:30: error: aggregate 'WXEXPORT cbUpdatesManagerBase' has incomplete type and cannot be defined
./../../include/wx/fl/controlbar.h:31: error: aggregate 'WXEXPORT cbBarDimHandlerBase' has incomplete type and cannot be defined
./../../include/wx/fl/controlbar.h:32: error: aggregate 'WXEXPORT cbPluginBase' has incomplete type and cannot be defined
./../../include/wx/fl/controlbar.h:37: error: aggregate 'WXEXPORT cbRowInfo' has incomplete type and cannot be defined
./../../include/wx/fl/controlbar.h:38: error: aggregate 'WXEXPORT cbDimInfo' has incomplete type and cannot be defined./../../include/wx/fl/controlbar.h:33: error: aggregate 'WXEXPORT cbPluginEvent' has incomplete type and cannot be definedIn file included from ./../../include/wx/fl/bardragpl.h:15,
                 from ./bardragpl.cpp:23
./../../include/wx/fl/controlbar.h:39: error: aggregate 'WXEXPORT cbCommonPaneProperties' has incomplete type and cannot be defined

:
./../../include/wx/fl/controlbar.h:16:21: error: wx/defs.h: No such file or directory
./../../include/wx/fl/controlbar.h:41: error: expected initializer before '*' token
./../../include/wx/fl/controlbar.h:42: error: expected initializer before '*' token./../../include/wx/fl/controlbar.h:34: error: aggregate 'WXEXPORT cbPaneDrawPlugin' has incomplete type and cannot be defined

./../../include/wx/fl/controlbar.h:44: error: aggregate 'WXEXPORT BarArrayT' has incomplete type and cannot be defined./../../include/wx/fl/controlbar.h:36: error: aggregate 'WXEXPORT cbBarInfo' has incomplete type and cannot be defined
./../../include/wx/fl/controlbar.h:37: error: aggregate 'WXEXPORT cbRowInfo' has incomplete type and cannot be defined
In file included from ./../../include/wx/fl/cbcustom.h:15,
                 from ./cbcustom.cpp:23:
./../../include/wx/fl/controlbar.h:27: error: aggregate 'WXEXPORT wxFrameLayout' has incomplete type and cannot be defined./../../include/wx/fl/controlbar.h:38: error: aggregate 'WXEXPORT cbDimInfo' has incomplete type and cannot be defined

./../../include/wx/fl/controlbar.h:39: error: aggregate 'WXEXPORT cbCommonPaneProperties' has incomplete type and cannot be defined
./../../include/wx/fl/controlbar.h:41: error: expected initializer before '*' token
./../../include/wx/fl/controlbar.h:42: error: expected initializer before '*' token./../../include/wx/fl/controlbar.h:44: error: expected constructor, destructor, or type conversion before '(' token


./../../include/wx/fl/controlbar.h:45: error: aggregate 'WXEXPORT RowArrayT' has incomplete type and cannot be defined
./../../include/wx/fl/controlbar.h:29: error: aggregate 'WXEXPORT cbDockPane' has incomplete type and cannot be defined
./../../include/wx/fl/controlbar.h:45: error: expected constructor, destructor, or type conversion before '(' token./../../include/wx/fl/controlbar.h:17:23: error: wx/string.h: No such file or directory
./../../include/wx/fl/controlbar.h:30: error: aggregate 'WXEXPORT cbUpdatesManagerBase' has incomplete type and cannot be defined
./../../include/wx/fl/controlbar.h:31: error: aggregate 'WXEXPORT cbBarDimHandlerBase' has incomplete type and cannot be defined
./../../include/wx/fl/controlbar.h:18:20: error: wx/pen.h: No such file or directory
./../../include/wx/fl/controlbar.h:44: error: aggregate 'WXEXPORT BarArrayT' has incomplete type and cannot be defined
./../../include/wx/fl/controlbar.h:44: error: expected constructor, destructor, or type conversion before '(' token
./../../include/wx/fl/controlbar.h:19:23: error: wx/window.h: No such file or directory
./../../include/wx/fl/controlbar.h:98: error: function definition does not declare parameters
./../../include/wx/fl/controlbar.h:130: error: function definition does not declare parameters./../../include/wx/fl/controlbar.h:45: error: aggregate 'WXEXPORT RowArrayT' has incomplete type and cannot be defined
./../../include/wx/fl/controlbar.h:45: error: expected constructor, destructor, or type conversion before '(' token
./../../include/wx/fl/controlbar.h:20:25: error: 

./../../include/wx/fl/controlbar.h:98: error: function definition does not declare parameters
./../../include/wx/fl/controlbar.h:130: error: function definition does not declare parameters
./../../include/wx/fl/controlbar.h:648: error: function definition does not declare parameters./../../include/wx/fl/controlbar.h:32: error: aggregate 'WXEXPORT cbPluginBase' has incomplete type and cannot be defined./../../include/wx/fl/controlbar.h:648: error: function definition does not declare parameters
wx/dynarray.h: No such file or directory
./../../include/wx/fl/controlbar.h:688: error: function definition does not declare parameters

./../../include/wx/fl/controlbar.h:688: error: function definition does not declare parameters
./../../include/wx/fl/controlbar.h:726: error: function definition does not declare parameters./../../include/wx/fl/controlbar.h:33: error: aggregate 'WXEXPORT cbPluginEvent' has incomplete type and cannot be defined

./../../include/wx/fl/controlbar.h:726: error: function definition does not declare parameters
./../../include/wx/fl/controlbar.h:825: error: aggregate 'WXEXPORT cbArrayFloat' has incomplete type and cannot be defined./../../include/wx/fl/controlbar.h:825: error: aggregate 'WXEXPORT cbArrayFloat' has incomplete type and cannot be defined


./../../include/wx/fl/controlbar.h:825: error: 'cbArrayFloat' is not a type
./../../include/wx/fl/controlbar.h:34: error: aggregate 'WXEXPORT cbPaneDrawPlugin' has incomplete type and cannot be defined
./../../include/wx/fl/controlbar.h:36: error: aggregate 'WXEXPORT cbBarInfo' has incomplete type and cannot be defined
./../../include/wx/fl/controlbar.h:37: error: aggregate 'WXEXPORT cbRowInfo' has incomplete type and cannot be defined
./../../include/wx/fl/controlbar.h:38: error: aggregate 'WXEXPORT cbDimInfo' has incomplete type and cannot be defined./../../include/wx/fl/controlbar.h:825: error: expected constructor, destructor, or type conversion before ';' token
./../../include/wx/fl/controlbar.h:833: error: expected class-name before '{' token
./../../include/wx/fl/controlbar.h:885: error: expected class-name before '{' token
./../../include/wx/fl/controlbar.h:958: error: expected class-name before '{' token

./../../include/wx/fl/controlbar.h:39: error: aggregate 'WXEXPORT cbCommonPaneProperties' has incomplete type and cannot be defined./../../include/wx/fl/controlbar.h:825: error: 'cbArrayFloat' is not a type./../../include/wx/fl/controlbar.h:960: error: 'wxRect' does not name a type

./../../include/wx/fl/controlbar.h:825: error: expected constructor, destructor, or type conversion before ';' token
./../../include/wx/fl/controlbar.h:833: error: expected class-name before '{' token
./../../include/wx/fl/controlbar.h:970: error: ISO C++ forbids declaration of 'RowArrayT' with no type
./../../include/wx/fl/controlbar.h:970: error: expected ';' before '*' token
./../../include/wx/fl/controlbar.h:971: error: ISO C++ forbids declaration of 'cbRowInfo' with no type
./../../include/wx/fl/controlbar.h:971: error: expected ';' before '*' token
./../../include/wx/fl/controlbar.h:972: error: ISO C++ forbids declaration of 'cbBarInfo' with no type
./../../include/wx/fl/controlbar.h:972: error: expected ';' before '*' token
./../../include/wx/fl/controlbar.h:977: error: expected `)' before '&' token

./../../include/wx/fl/controlbar.h:885: error: expected class-name before '{' token
./../../include/wx/fl/controlbar.h:989: error: ISO C++ forbids declaration of 'cbBarInfo' with no type
./../../include/wx/fl/controlbar.h:989: error: expected ';' before '&' token
./../../include/wx/fl/controlbar.h:993: error: ISO C++ forbids declaration of 'cbRowInfo' with no type
./../../include/wx/fl/controlbar.h:993: error: expected ';' before '&' token./../../include/wx/fl/controlbar.h:41: error: expected initializer before '*' token
./../../include/wx/fl/controlbar.h:42: error: expected initializer before '*' token
./../../include/wx/fl/controlbar.h:44: error: aggregate 'WXEXPORT BarArrayT' has incomplete type and cannot be defined
./../../include/wx/fl/controlbar.h:44: error: expected constructor, destructor, or type conversion before '(' token
./../../include/wx/fl/controlbar.h:958: error: expected class-name before '{' token
./../../include/wx/fl/controlbar.h:960: error: 'wxRect' does not name a type

./../../include/wx/fl/controlbar.h:970: error: ISO C++ forbids declaration of 'RowArrayT' with no type./../../include/wx/fl/controlbar.h:45: error: aggregate 'WXEXPORT RowArrayT' has incomplete type and cannot be defined
./../../include/wx/fl/controlbar.h:45: error: expected constructor, destructor, or type conversion before '(' token
./../../include/wx/fl/controlbar.h:98: error: function definition does not declare parameters
./../../include/wx/fl/controlbar.h:130: error: function definition does not declare parameters
./../../include/wx/fl/controlbar.h:648: error: function definition does not declare parameters

./../../include/wx/fl/controlbar.h:970: error: expected ';' before '*' token./../../include/wx/fl/controlbar.h:688: error: function definition does not declare parameters
./../../include/wx/fl/controlbar.h:726: error: function definition does not declare parameters
./../../include/wx/fl/controlbar.h:825: error: aggregate 'WXEXPORT cbArrayFloat' has incomplete type and cannot be defined
./../../include/wx/fl/controlbar.h:1002: error: function definition does not declare parameters
./../../include/wx/fl/controlbar.h:1050: error: expected class-name before '{' token

In file included from ./../../include/wx/fl/bardragpl.h:16,
                 from ./bardragpl.cpp:23:
./../../include/wx/fl/controlbar.h:825: error: 'cbArrayFloat' is not a type
./../../include/wx/fl/controlbar.h:971: error: ISO C++ forbids declaration of 'cbRowInfo' with no type
./../../include/wx/fl/controlbar.h:825: error: expected constructor, destructor, or type conversion before ';' token
./../../include/wx/fl/toolwnd.h:16:22:./../../include/wx/fl/controlbar.h:971: error: expected ';' before '*' token
 ./../../include/wx/fl/controlbar.h:1461: error: function definition does not declare parameters
./../../include/wx/fl/controlbar.h:972: error: ISO C++ forbids declaration of 'cbBarInfo' with no type./../../include/wx/fl/controlbar.h:1535: error: expected class-name before '{' token
./../../include/wx/fl/controlbar.h:1555: error: expected initializer before 'cbEVT_PL_LEFT_DOWN'./../../include/wx/fl/controlbar.h:833: error: expected class-name before '{' token
error: 
./../../include/wx/fl/controlbar.h:972: error: expected ';' before '*' token

./../../include/wx/fl/controlbar.h:885: error: expected class-name before '{' token
./../../include/wx/fl/controlbar.h:1556: error: expected initializer before 'cbEVT_PL_LEFT_UP'./../../include/wx/fl/controlbar.h:977: error: expected `)' before '&' tokenwx/frame.h: No such file or directory
./../../include/wx/fl/controlbar.h:958: error: expected class-name before '{' token
./../../include/wx/fl/controlbar.h:960: error: 'wxRect' does not name a type
./../../include/wx/fl/controlbar.h:970: error: ISO C++ forbids declaration of 'RowArrayT' with no type

./../../include/wx/fl/controlbar.h:989: error: ISO C++ forbids declaration of 'cbBarInfo' with no type
./../../include/wx/fl/controlbar.h:989: error: expected ';' before '&' token
./../../include/wx/fl/controlbar.h:970: error: expected ';' before '*' token
./../../include/wx/fl/controlbar.h:971: error: ISO C++ forbids declaration of 'cbRowInfo' with no type
./../../include/wx/fl/controlbar.h:1557: error: expected initializer before 'cbEVT_PL_RIGHT_DOWN'./../../include/wx/fl/controlbar.h:971: error: expected ';' before '*' token
./../../include/wx/fl/controlbar.h:993: error: ISO C++ forbids declaration of 'cbRowInfo' with no type
./../../include/wx/fl/controlbar.h:993: error: expected ';' before '&' token


./../../include/wx/fl/controlbar.h:972: error: ISO C++ forbids declaration of 'cbBarInfo' with no type
./../../include/wx/fl/controlbar.h:972: error: expected ';' before '*' token
./../../include/wx/fl/controlbar.h:977: error: expected `)' before '&' token
./../../include/wx/fl/controlbar.h:1002: error: function definition does not declare parameters
./../../include/wx/fl/controlbar.h:989: error: ISO C++ forbids declaration of 'cbBarInfo' with no type./../../include/wx/fl/controlbar.h:1558: error: expected initializer before 'cbEVT_PL_RIGHT_UP'
./../../include/wx/fl/controlbar.h:1559: error: expected initializer before 'cbEVT_PL_MOTION'
./../../include/wx/fl/controlbar.h:1561: error: expected initializer before 'cbEVT_PL_LEFT_DCLICK'
./../../include/wx/fl/controlbar.h:989: error: expected ';' before '&' token
./../../include/wx/fl/controlbar.h:1050: error: expected class-name before '{' token
./../../include/wx/fl/controlbar.h:1461: error: function definition does not declare parameters./../../include/wx/fl/controlbar.h:993: error: ISO C++ forbids declaration of 'cbRowInfo' with no type
./../../include/wx/fl/controlbar.h:1535: error: expected class-name before '{' token
./../../include/wx/fl/controlbar.h:993: error: expected ';' before '&' token

./../../include/wx/fl/controlbar.h:1002: error: function definition does not declare parameters
./../../include/wx/fl/controlbar.h:1050: error: expected class-name before '{' token
./../../include/wx/fl/controlbar.h:1461: error: function definition does not declare parameters

./../../include/wx/fl/controlbar.h:1535: error: expected class-name before '{' token
./../../include/wx/fl/controlbar.h:1555: error: expected initializer before 'cbEVT_PL_LEFT_DOWN'
./../../include/wx/fl/controlbar.h:1556: error: expected initializer before 'cbEVT_PL_LEFT_UP'
./../../include/wx/fl/controlbar.h:1557: error: expected initializer before 'cbEVT_PL_RIGHT_DOWN'
./../../include/wx/fl/controlbar.h:1555: error: expected initializer before 'cbEVT_PL_LEFT_DOWN'./../../include/wx/fl/controlbar.h:1558: error: expected initializer before 'cbEVT_PL_RIGHT_UP'
In file included from ./../../include/wx/fl/bardragpl.h:15,
                 from ./bardragpl.cpp:23:
./../../include/wx/fl/controlbar.h:27: error: aggregate 'WXEXPORT wxFrameLayout' has incomplete type and cannot be defined
./../../include/wx/fl/controlbar.h:1559: error: expected initializer before 'cbEVT_PL_MOTION'
./../../include/wx/fl/controlbar.h:1563: error: expected initializer before 'cbEVT_PL_LAYOUT_ROW'./../../include/wx/fl/controlbar.h:29: error: aggregate 'WXEXPORT cbDockPane' has incomplete type and cannot be defined


./../../include/wx/fl/controlbar.h:1561: error: expected initializer before 'cbEVT_PL_LEFT_DCLICK'./../../include/wx/fl/controlbar.h:1556: error: expected initializer before 'cbEVT_PL_LEFT_UP'
./../../include/wx/fl/controlbar.h:1557: error: expected initializer before 'cbEVT_PL_RIGHT_DOWN'
./../../include/wx/fl/controlbar.h:30: error: aggregate 'WXEXPORT cbUpdatesManagerBase' has incomplete type and cannot be defined./../../include/wx/fl/controlbar.h:1564: error: expected initializer before 'cbEVT_PL_RESIZE_ROW'
./../../include/wx/fl/controlbar.h:1565: error: expected initializer before 'cbEVT_PL_LAYOUT_ROWS'
./../../include/wx/fl/controlbar.h:1558: error: expected initializer before 'cbEVT_PL_RIGHT_UP'


./../../include/wx/fl/controlbar.h:1559: error: expected initializer before 'cbEVT_PL_MOTION'
./../../include/wx/fl/controlbar.h:1566: error: expected initializer before 'cbEVT_PL_INSERT_BAR'./../../include/wx/fl/controlbar.h:31: error: aggregate 'WXEXPORT cbBarDimHandlerBase' has incomplete type and cannot be defined
./../../include/wx/fl/controlbar.h:1563: error: expected initializer before 'cbEVT_PL_LAYOUT_ROW'./../../include/wx/fl/controlbar.h:1561: error: expected initializer before 'cbEVT_PL_LEFT_DCLICK'


./../../include/wx/fl/controlbar.h:1567: error: expected initializer before 'cbEVT_PL_RESIZE_BAR'
./../../include/wx/fl/controlbar.h:1568: error: expected initializer before 'cbEVT_PL_REMOVE_BAR'
./../../include/wx/fl/controlbar.h:1569: error: expected initializer before 'cbEVT_PL_SIZE_BAR_WND'./../../include/wx/fl/controlbar.h:32: error: aggregate 'WXEXPORT cbPluginBase' has incomplete type and cannot be defined
./../../include/wx/fl/controlbar.h:1563: error: expected initializer before 'cbEVT_PL_LAYOUT_ROW'

./../../include/wx/fl/controlbar.h:33: error: aggregate 'WXEXPORT cbPluginEvent' has incomplete type and cannot be defined
./../../include/wx/fl/controlbar.h:1564: error: expected initializer before 'cbEVT_PL_RESIZE_ROW'./../../include/wx/fl/controlbar.h:34: error: aggregate 'WXEXPORT cbPaneDrawPlugin' has incomplete type and cannot be defined

./../../include/wx/fl/controlbar.h:1564: error: expected initializer before 'cbEVT_PL_RESIZE_ROW'
./../../include/wx/fl/controlbar.h:36: error: aggregate 'WXEXPORT cbBarInfo' has incomplete type and cannot be defined./../../include/wx/fl/controlbar.h:1571: error: expected initializer before 'cbEVT_PL_DRAW_BAR_DECOR'
./../../include/wx/fl/controlbar.h:1572: error: expected initializer before 'cbEVT_PL_DRAW_ROW_DECOR'
./../../include/wx/fl/controlbar.h:1565: error: expected initializer before 'cbEVT_PL_LAYOUT_ROWS'./../../include/wx/fl/controlbar.h:1565: error: expected initializer before 'cbEVT_PL_LAYOUT_ROWS'


./../../include/wx/fl/controlbar.h:1573: error: expected initializer before 'cbEVT_PL_DRAW_PANE_DECOR'
./../../include/wx/fl/controlbar.h:1566: error: expected initializer before 'cbEVT_PL_INSERT_BAR'
./../../include/wx/fl/controlbar.h:1574: error: expected initializer before 'cbEVT_PL_DRAW_BAR_HANDLES'
./../../include/wx/fl/controlbar.h:37: error: aggregate 'WXEXPORT cbRowInfo' has incomplete type and cannot be defined./../../include/wx/fl/controlbar.h:1566: error: expected initializer before 'cbEVT_PL_INSERT_BAR'
./../../include/wx/fl/controlbar.h:1567: error: expected initializer before 'cbEVT_PL_RESIZE_BAR'

./../../include/wx/fl/controlbar.h:1575: error: expected initializer before 'cbEVT_PL_DRAW_ROW_HANDLES'./../../include/wx/fl/controlbar.h:1567: error: expected initializer before 'cbEVT_PL_RESIZE_BAR'
./../../include/wx/fl/controlbar.h:38: error: aggregate 'WXEXPORT cbDimInfo' has incomplete type and cannot be defined

./../../include/wx/fl/controlbar.h:1568: error: expected initializer before 'cbEVT_PL_REMOVE_BAR'
./../../include/wx/fl/controlbar.h:1568: error: expected initializer before 'cbEVT_PL_REMOVE_BAR'./../../include/wx/fl/controlbar.h:1576: error: expected initializer before 'cbEVT_PL_DRAW_ROW_BKGROUND'
./../../include/wx/fl/controlbar.h:1577: error: expected initializer before 'cbEVT_PL_DRAW_PANE_BKGROUND'
./../../include/wx/fl/controlbar.h:1579: error: expected initializer before 'cbEVT_PL_START_BAR_DRAGGING'./../../include/wx/fl/controlbar.h:39: error: aggregate 'WXEXPORT cbCommonPaneProperties' has incomplete type and cannot be defined
./../../include/wx/fl/controlbar.h:1569: error: expected initializer before 'cbEVT_PL_SIZE_BAR_WND'
./../../include/wx/fl/controlbar.h:1571: error: expected initializer before 'cbEVT_PL_DRAW_BAR_DECOR'
./../../include/wx/fl/controlbar.h:41: error: expected initializer before '*' token

./../../include/wx/fl/controlbar.h:1569: error: expected initializer before 'cbEVT_PL_SIZE_BAR_WND'
./../../include/wx/fl/controlbar.h:1572: error: expected initializer before 'cbEVT_PL_DRAW_ROW_DECOR'./../../include/wx/fl/controlbar.h:42: error: expected initializer before '*' token

./../../include/wx/fl/controlbar.h:44: error: aggregate 'WXEXPORT BarArrayT' has incomplete type and cannot be defined
./../../include/wx/fl/controlbar.h:44: error: expected constructor, destructor, or type conversion before '(' token
./../../include/wx/fl/controlbar.h:1580: error: expected initializer before 'cbEVT_PL_DRAW_HINT_RECT'
./../../include/wx/fl/controlbar.h:1582: error: expected initializer before 'cbEVT_PL_START_DRAW_IN_AREA'
./../../include/wx/fl/controlbar.h:1573: error: expected initializer before 'cbEVT_PL_DRAW_PANE_DECOR'./../../include/wx/fl/controlbar.h:1583: error: expected initializer before 'cbEVT_PL_FINISH_DRAW_IN_AREA'
./../../include/wx/fl/controlbar.h:1585: error: expected initializer before 'cbEVT_PL_CUSTOMIZE_BAR'
./../../include/wx/fl/controlbar.h:1571: error: expected initializer before 'cbEVT_PL_DRAW_BAR_DECOR'
./../../include/wx/fl/controlbar.h:45: error: aggregate 'WXEXPORT RowArrayT' has incomplete type and cannot be defined


./../../include/wx/fl/controlbar.h:1572: error: expected initializer before 'cbEVT_PL_DRAW_ROW_DECOR'
./../../include/wx/fl/controlbar.h:1573: error: expected initializer before 'cbEVT_PL_DRAW_PANE_DECOR'
./../../include/wx/fl/controlbar.h:1574: error: expected initializer before 'cbEVT_PL_DRAW_BAR_HANDLES'./../../include/wx/fl/controlbar.h:1586: error: expected initializer before 'cbEVT_PL_CUSTOMIZE_LAYOUT'

./../../include/wx/fl/controlbar.h:1588: error: expected initializer before 'wxCUSTOM_CB_PLUGIN_EVENTS_START_AT'
./../../include/wx/fl/controlbar.h:1574: error: expected initializer before 'cbEVT_PL_DRAW_BAR_HANDLES'
./../../include/wx/fl/controlbar.h:1626: error: 'wxEvtHandler' has not been declared
./../../include/wx/fl/controlbar.h:1575: error: expected initializer before 'cbEVT_PL_DRAW_ROW_HANDLES'
./../../include/wx/fl/controlbar.h:45: error: expected constructor, destructor, or type conversion before '(' token
./../../include/wx/fl/controlbar.h:1626: error: expected unqualified-id before '*' token
./../../include/wx/fl/controlbar.h:1626: error: expected `)' before '*' token
./../../include/wx/fl/controlbar.h:1575: error: expected initializer before 'cbEVT_PL_DRAW_ROW_HANDLES'
./../../include/wx/fl/controlbar.h:98: error: function definition does not declare parameters./../../include/wx/fl/controlbar.h:1627: error: 'wxEvtHandler' has not been declared
./../../include/wx/fl/controlbar.h:1627: error: expected unqualified-id before '*' token
./../../include/wx/fl/controlbar.h:1576: error: expected initializer before 'cbEVT_PL_DRAW_ROW_BKGROUND'
./../../include/wx/fl/controlbar.h:1627: error: expected `)' before '*' token

./../../include/wx/fl/controlbar.h:1577: error: expected initializer before 'cbEVT_PL_DRAW_PANE_BKGROUND'
./../../include/wx/fl/controlbar.h:1579: error: expected initializer before 'cbEVT_PL_START_BAR_DRAGGING'./../../include/wx/fl/controlbar.h:1628: error: 'wxEvtHandler' has not been declared
./../../include/wx/fl/controlbar.h:130: error: function definition does not declare parameters./../../include/wx/fl/controlbar.h:1628: error: expected unqualified-id before '*' token
./../../include/wx/fl/controlbar.h:1628: error: expected `)' before '*' token
./../../include/wx/fl/controlbar.h:1576: error: expected initializer before 'cbEVT_PL_DRAW_ROW_BKGROUND'

./../../include/wx/fl/controlbar.h:1580: error: expected initializer before 'cbEVT_PL_DRAW_HINT_RECT'

./../../include/wx/fl/controlbar.h:648: error: function definition does not declare parameters
./../../include/wx/fl/controlbar.h:1577: error: expected initializer before 'cbEVT_PL_DRAW_PANE_BKGROUND'./../../include/wx/fl/controlbar.h:688: error: function definition does not declare parameters
./../../include/wx/fl/controlbar.h:726: error: function definition does not declare parameters
./../../include/wx/fl/controlbar.h:1582: error: expected initializer before 'cbEVT_PL_START_DRAW_IN_AREA'
./../../include/wx/fl/controlbar.h:825: error: aggregate 'WXEXPORT cbArrayFloat' has incomplete type and cannot be defined
./../../include/wx/fl/controlbar.h:1629: error: 'wxEvtHandler' has not been declared./../../include/wx/fl/controlbar.h:1579: error: expected initializer before 'cbEVT_PL_START_BAR_DRAGGING'


./../../include/wx/fl/controlbar.h:1629: error: expected unqualified-id before '*' token./../../include/wx/fl/controlbar.h:825: error: 'cbArrayFloat' is not a type
./../../include/wx/fl/controlbar.h:825: error: expected constructor, destructor, or type conversion before ';' token./../../include/wx/fl/controlbar.h:1580: error: expected initializer before 'cbEVT_PL_DRAW_HINT_RECT'
./../../include/wx/fl/controlbar.h:1583: error: expected initializer before 'cbEVT_PL_FINISH_DRAW_IN_AREA'


./../../include/wx/fl/controlbar.h:1629: error: expected `)' before '*' token
./../../include/wx/fl/controlbar.h:833: error: expected class-name before '{' token./../../include/wx/fl/controlbar.h:1582: error: expected initializer before 'cbEVT_PL_START_DRAW_IN_AREA'
./../../include/wx/fl/controlbar.h:1583: error: expected initializer before 'cbEVT_PL_FINISH_DRAW_IN_AREA'
./../../include/wx/fl/controlbar.h:1630: error: 'wxEvtHandler' has not been declared./../../include/wx/fl/controlbar.h:1585: error: expected initializer before 'cbEVT_PL_CUSTOMIZE_BAR'
./../../include/wx/fl/controlbar.h:885: error: expected class-name before '{' token


./../../include/wx/fl/controlbar.h:1585: error: expected initializer before 'cbEVT_PL_CUSTOMIZE_BAR'./../../include/wx/fl/controlbar.h:958: error: expected class-name before '{' token

./../../include/wx/fl/controlbar.h:960: error: 'wxRect' does not name a type
./../../include/wx/fl/controlbar.h:1630: error: expected unqualified-id before '*' token
./../../include/wx/fl/controlbar.h:1630: error: expected `)' before '*' token./../../include/wx/fl/controlbar.h:1586: error: expected initializer before 'cbEVT_PL_CUSTOMIZE_LAYOUT'./../../include/wx/fl/controlbar.h:970: error: ISO C++ forbids declaration of 'RowArrayT' with no type
./../../include/wx/fl/controlbar.h:970: error: expected ';' before '*' token
./../../include/wx/fl/controlbar.h:1586: error: expected initializer before 'cbEVT_PL_CUSTOMIZE_LAYOUT'
./../../include/wx/fl/controlbar.h:1631: error: 'wxEvtHandler' has not been declared./../../include/wx/fl/controlbar.h:971: error: ISO C++ forbids declaration of 'cbRowInfo' with no type


./../../include/wx/fl/controlbar.h:1631: error: expected unqualified-id before '*' token./../../include/wx/fl/controlbar.h:1588: error: expected initializer before 'wxCUSTOM_CB_PLUGIN_EVENTS_START_AT'


./../../include/wx/fl/controlbar.h:1588: error: expected initializer before 'wxCUSTOM_CB_PLUGIN_EVENTS_START_AT'./../../include/wx/fl/controlbar.h:971: error: expected ';' before '*' token
./../../include/wx/fl/controlbar.h:972: error: ISO C++ forbids declaration of 'cbBarInfo' with no type
./../../include/wx/fl/controlbar.h:1626: error: 'wxEvtHandler' has not been declared
./../../include/wx/fl/controlbar.h:1626: error: expected unqualified-id before '*' token
./../../include/wx/fl/controlbar.h:1626: error: expected `)' before '*' token
./../../include/wx/fl/controlbar.h:1627: error: 'wxEvtHandler' has not been declared
./../../include/wx/fl/controlbar.h:1627: error: expected unqualified-id before '*' token
./../../include/wx/fl/controlbar.h:1627: error: expected `)' before '*' token
./../../include/wx/fl/controlbar.h:1628: error: 'wxEvtHandler' has not been declared
./../../include/wx/fl/controlbar.h:1628: error: expected unqualified-id before '*' token./../../include/wx/fl/controlbar.h:1626: error: 'wxEvtHandler' has not been declared
./../../include/wx/fl/controlbar.h:1631: error: expected `)' before '*' token
./../../include/wx/fl/controlbar.h:972: error: expected ';' before '*' token./../../include/wx/fl/controlbar.h:1633: error: 'wxEvtHandler' has not been declared
./../../include/wx/fl/controlbar.h:1633: error: expected unqualified-id before '*' token
./../../include/wx/fl/controlbar.h:1633: error: expected `)' before '*' token


./../../include/wx/fl/controlbar.h:1634: error: 'wxEvtHandler' has not been declared./../../include/wx/fl/controlbar.h:977: error: expected `)' before '&' token
./../../include/wx/fl/controlbar.h:1628: error: expected `)' before '*' token
./../../include/wx/fl/controlbar.h:1629: error: 'wxEvtHandler' has not been declared

./../../include/wx/fl/controlbar.h:1629: error: expected unqualified-id before '*' token./../../include/wx/fl/controlbar.h:1626: error: expected unqualified-id before '*' token
./../../include/wx/fl/controlbar.h:1626: error: expected `)' before '*' token
./../../include/wx/fl/controlbar.h:989: error: ISO C++ forbids declaration of 'cbBarInfo' with no type
./../../include/wx/fl/controlbar.h:1634: error: expected unqualified-id before '*' token

./../../include/wx/fl/controlbar.h:1627: error: 'wxEvtHandler' has not been declared

./../../include/wx/fl/controlbar.h:1634: error: expected `)' before '*' token
./../../include/wx/fl/controlbar.h:1627: error: expected unqualified-id before '*' token./../../include/wx/fl/controlbar.h:989: error: expected ';' before '&' token

./../../include/wx/fl/controlbar.h:1635: error: 'wxEvtHandler' has not been declared
./../../include/wx/fl/controlbar.h:1635: error: expected unqualified-id before '*' token./../../include/wx/fl/controlbar.h:1629: error: expected `)' before '*' token

./../../include/wx/fl/controlbar.h:1627: error: expected `)' before '*' token
./../../include/wx/fl/controlbar.h:1630: error: 'wxEvtHandler' has not been declared./../../include/wx/fl/controlbar.h:993: error: ISO C++ forbids declaration of 'cbRowInfo' with no type
./../../include/wx/fl/controlbar.h:993: error: expected ';' before '&' token

./../../include/wx/fl/controlbar.h:1630: error: expected unqualified-id before '*' token./../../include/wx/fl/controlbar.h:1628: error: 'wxEvtHandler' has not been declared./../../include/wx/fl/controlbar.h:1002: error: function definition does not declare parameters
./../../include/wx/fl/controlbar.h:1635: error: expected `)' before '*' token
./../../include/wx/fl/controlbar.h:1050: error: expected class-name before '{' token


./../../include/wx/fl/controlbar.h:1630: error: expected `)' before '*' token
./../../include/wx/fl/controlbar.h:1631: error: 'wxEvtHandler' has not been declared./../../include/wx/fl/controlbar.h:1628: error: expected unqualified-id before '*' token
./../../include/wx/fl/controlbar.h:1636: error: 'wxEvtHandler' has not been declared
./../../include/wx/fl/controlbar.h:1461: error: function definition does not declare parameters
./../../include/wx/fl/controlbar.h:1636: error: expected unqualified-id before '*' token
./../../include/wx/fl/controlbar.h:1636: error: expected `)' before '*' token./../../include/wx/fl/controlbar.h:1631: error: expected unqualified-id before '*' token
./../../include/wx/fl/controlbar.h:1631: error: expected `)' before '*' token

./../../include/wx/fl/controlbar.h:1633: error: 'wxEvtHandler' has not been declared./../../include/wx/fl/controlbar.h:1628: error: expected `)' before '*' token


./../../include/wx/fl/controlbar.h:1637: error: 'wxEvtHandler' has not been declared./../../include/wx/fl/controlbar.h:1535: error: expected class-name before '{' token
./../../include/wx/fl/controlbar.h:1629: error: 'wxEvtHandler' has not been declared./../../include/wx/fl/controlbar.h:1555: error: expected initializer before 'cbEVT_PL_LEFT_DOWN'

./../../include/wx/fl/controlbar.h:1637: error: expected unqualified-id before '*' token

./../../include/wx/fl/controlbar.h:1633: error: expected unqualified-id before '*' token./../../include/wx/fl/controlbar.h:1629: error: expected unqualified-id before '*' token
./../../include/wx/fl/controlbar.h:1629: error: expected `)' before '*' token
./../../include/wx/fl/controlbar.h:1630: error: 'wxEvtHandler' has not been declared

./../../include/wx/fl/controlbar.h:1556: error: expected initializer before 'cbEVT_PL_LEFT_UP'
./../../include/wx/fl/controlbar.h:1637: error: expected `)' before '*' token./../../include/wx/fl/controlbar.h:1557: error: expected initializer before 'cbEVT_PL_RIGHT_DOWN'
./../../include/wx/fl/controlbar.h:1633: error: expected `)' before '*' token

./../../include/wx/fl/controlbar.h:1634: error: 'wxEvtHandler' has not been declared./../../include/wx/fl/controlbar.h:1558: error: expected initializer before 'cbEVT_PL_RIGHT_UP'

./../../include/wx/fl/controlbar.h:1630: error: expected unqualified-id before '*' token
./../../include/wx/fl/controlbar.h:1638: error: 'wxEvtHandler' has not been declared./../../include/wx/fl/controlbar.h:1634: error: expected unqualified-id before '*' token
./../../include/wx/fl/controlbar.h:1634: error: expected `)' before '*' token

./../../include/wx/fl/controlbar.h:1635: error: 'wxEvtHandler' has not been declared
./../../include/wx/fl/controlbar.h:1559: error: expected initializer before 'cbEVT_PL_MOTION'./../../include/wx/fl/controlbar.h:1635: error: expected unqualified-id before '*' token
./../../include/wx/fl/controlbar.h:1635: error: expected `)' before '*' token

./../../include/wx/fl/controlbar.h:1630: error: expected `)' before '*' token./../../include/wx/fl/controlbar.h:1636: error: 'wxEvtHandler' has not been declared
./../../include/wx/fl/controlbar.h:1636: error: expected unqualified-id before '*' token
./../../include/wx/fl/controlbar.h:1636: error: expected `)' before '*' token
./../../include/wx/fl/controlbar.h:1561: error: expected initializer before 'cbEVT_PL_LEFT_DCLICK'
./../../include/wx/fl/controlbar.h:1638: error: expected unqualified-id before '*' token
./../../include/wx/fl/controlbar.h:1637: error: 'wxEvtHandler' has not been declared
./../../include/wx/fl/controlbar.h:1563: error: expected initializer before 'cbEVT_PL_LAYOUT_ROW'
./../../include/wx/fl/controlbar.h:1631: error: 'wxEvtHandler' has not been declared
./../../include/wx/fl/controlbar.h:1637: error: expected unqualified-id before '*' token./../../include/wx/fl/controlbar.h:1638: error: expected `)' before '*' token


./../../include/wx/fl/controlbar.h:1639: error: 'wxEvtHandler' has not been declared
./../../include/wx/fl/controlbar.h:1639: error: expected unqualified-id before '*' token
./../../include/wx/fl/controlbar.h:1639: error: expected `)' before '*' token./../../include/wx/fl/controlbar.h:1637: error: expected `)' before '*' token
./../../include/wx/fl/controlbar.h:1631: error: expected unqualified-id before '*' token./../../include/wx/fl/controlbar.h:1564: error: expected initializer before 'cbEVT_PL_RESIZE_ROW'

./../../include/wx/fl/controlbar.h:1638: error: 'wxEvtHandler' has not been declared
./../../include/wx/fl/controlbar.h:1638: error: expected unqualified-id before '*' token
./../../include/wx/fl/controlbar.h:1638: error: expected `)' before '*' token./../../include/wx/fl/controlbar.h:1641: error: 'wxEvtHandler' has not been declared
./../../include/wx/fl/controlbar.h:1641: error: expected unqualified-id before '*' token./../../include/wx/fl/controlbar.h:1565: error: expected initializer before 'cbEVT_PL_LAYOUT_ROWS'



./../../include/wx/fl/controlbar.h:1566: error: expected initializer before 'cbEVT_PL_INSERT_BAR'./../../include/wx/fl/controlbar.h:1641: error: expected `)' before '*' token
./../../include/wx/fl/controlbar.h:1642: error: 'wxEvtHandler' has not been declared
./../../include/wx/fl/controlbar.h:1642: error: expected unqualified-id before '*' token
./../../include/wx/fl/controlbar.h:1642: error: expected `)' before '*' token
./../../include/wx/fl/controlbar.h:1643: error: 'wxEvtHandler' has not been declared
./../../include/wx/fl/controlbar.h:1631: error: expected `)' before '*' token
./../../include/wx/fl/controlbar.h:1639: error: 'wxEvtHandler' has not been declared./../../include/wx/fl/controlbar.h:1643: error: expected unqualified-id before '*' token
./../../include/wx/fl/controlbar.h:1643: error: expected `)' before '*' token
./../../include/wx/fl/controlbar.h:1567: error: expected initializer before 'cbEVT_PL_RESIZE_BAR'
./../../include/wx/fl/controlbar.h:1644: error: 'wxEvtHandler' has not been declared

./../../include/wx/fl/controlbar.h:1568: error: expected initializer before 'cbEVT_PL_REMOVE_BAR'

./../../include/wx/fl/controlbar.h:1633: error: 'wxEvtHandler' has not been declared
./../../include/wx/fl/controlbar.h:1633: error: expected unqualified-id before '*' token
./../../include/wx/fl/controlbar.h:1633: error: expected `)' before '*' token
./../../include/wx/fl/controlbar.h:1634: error: 'wxEvtHandler' has not been declared./../../include/wx/fl/controlbar.h:1569: error: expected initializer before 'cbEVT_PL_SIZE_BAR_WND'./../../include/wx/fl/controlbar.h:1644: error: expected unqualified-id before '*' token
./../../include/wx/fl/controlbar.h:1644: error: expected `)' before '*' token
./../../include/wx/fl/controlbar.h:1639: error: expected unqualified-id before '*' token

./../../include/wx/fl/controlbar.h:1645: error: 'wxEvtHandler' has not been declared
./../../include/wx/fl/controlbar.h:1645: error: expected unqualified-id before '*' token
./../../include/wx/fl/controlbar.h:1634: error: expected unqualified-id before '*' token

./../../include/wx/fl/controlbar.h:1645: error: expected `)' before '*' token
./../../include/wx/fl/controlbar.h:1571: error: expected initializer before 'cbEVT_PL_DRAW_BAR_DECOR'./../../include/wx/fl/controlbar.h:1634: error: expected `)' before '*' token
./../../include/wx/fl/controlbar.h:1639: error: expected `)' before '*' token./../../include/wx/fl/controlbar.h:1646: error: 'wxEvtHandler' has not been declared
./../../include/wx/fl/controlbar.h:1646: error: expected unqualified-id before '*' token
./../../include/wx/fl/controlbar.h:1646: error: expected `)' before '*' token

./../../include/wx/fl/controlbar.h:1635: error: 'wxEvtHandler' has not been declared
./../../include/wx/fl/controlbar.h:1572: error: expected initializer before 'cbEVT_PL_DRAW_ROW_DECOR'
./../../include/wx/fl/controlbar.h:1647: error: 'wxEvtHandler' has not been declared
./../../include/wx/fl/controlbar.h:1641: error: 'wxEvtHandler' has not been declared
./../../include/wx/fl/controlbar.h:1641: error: expected unqualified-id before '*' token
./../../include/wx/fl/controlbar.h:1641: error: expected `)' before '*' token
./../../include/wx/fl/controlbar.h:1635: error: expected unqualified-id before '*' token./../../include/wx/fl/controlbar.h:1642: error: 'wxEvtHandler' has not been declared
./../../include/wx/fl/controlbar.h:1642: error: expected unqualified-id before '*' token

./../../include/wx/fl/controlbar.h:1573: error: expected initializer before 'cbEVT_PL_DRAW_PANE_DECOR'
./../../include/wx/fl/controlbar.h:1642: error: expected `)' before '*' token./../../include/wx/fl/controlbar.h:1635: error: expected `)' before '*' token
./../../include/wx/fl/controlbar.h:1636: error: 'wxEvtHandler' has not been declared


./../../include/wx/fl/controlbar.h:1574: error: expected initializer before 'cbEVT_PL_DRAW_BAR_HANDLES'./../../include/wx/fl/controlbar.h:1647: error: expected unqualified-id before '*' token
./../../include/wx/fl/controlbar.h:1647: error: expected `)' before '*' token
./../../include/wx/fl/controlbar.h:1649: error: 'wxEvtHandler' has not been declared
./../../include/wx/fl/controlbar.h:1649: error: expected unqualified-id before '*' token
./../../include/wx/fl/controlbar.h:1649: error: expected `)' before '*' token
./../../include/wx/fl/controlbar.h:1650: error: 'wxEvtHandler' has not been declared
./../../include/wx/fl/controlbar.h:1636: error: expected unqualified-id before '*' token

./../../include/wx/fl/controlbar.h:1643: error: 'wxEvtHandler' has not been declared
./../../include/wx/fl/controlbar.h:1575: error: expected initializer before 'cbEVT_PL_DRAW_ROW_HANDLES'
./../../include/wx/fl/controlbar.h:1650: error: expected unqualified-id before '*' token./../../include/wx/fl/controlbar.h:1636: error: expected `)' before '*' token

./../../include/wx/fl/controlbar.h:1637: error: 'wxEvtHandler' has not been declared
./../../include/wx/fl/controlbar.h:1637: error: expected unqualified-id before '*' token./../../include/wx/fl/controlbar.h:1576: error: expected initializer before 'cbEVT_PL_DRAW_ROW_BKGROUND'
./../../include/wx/fl/controlbar.h:1650: error: expected `)' before '*' token
./../../include/wx/fl/controlbar.h:1643: error: expected unqualified-id before '*' token
./../../include/wx/fl/controlbar.h:1643: error: expected `)' before '*' token./../../include/wx/fl/controlbar.h:1652: error: 'wxEvtHandler' has not been declared
./../../include/wx/fl/controlbar.h:1652: error: expected unqualified-id before '*' token
./../../include/wx/fl/controlbar.h:1652: error: expected `)' before '*' token
./../../include/wx/fl/controlbar.h:1653: error: 'wxEvtHandler' has not been declared


./../../include/wx/fl/controlbar.h:1644: error: 'wxEvtHandler' has not been declared./../../include/wx/fl/controlbar.h:1653: error: expected unqualified-id before '*' token
./../../include/wx/fl/controlbar.h:1637: error: expected `)' before '*' token
./../../include/wx/fl/controlbar.h:1644: error: expected unqualified-id before '*' token
./../../include/wx/fl/controlbar.h:1644: error: expected `)' before '*' token
./../../include/wx/fl/controlbar.h:1577: error: expected initializer before 'cbEVT_PL_DRAW_PANE_BKGROUND'./../../include/wx/fl/controlbar.h:1653: error: expected `)' before '*' token

./../../include/wx/fl/controlbar.h:1645: error: 'wxEvtHandler' has not been declared
./../../include/wx/fl/controlbar.h:1645: error: expected unqualified-id before '*' token./../../include/wx/fl/controlbar.h:1638: error: 'wxEvtHandler' has not been declared
./../../include/wx/fl/controlbar.h:1655: error: 'wxEvtHandler' has not been declared
./../../include/wx/fl/controlbar.h:1638: error: expected unqualified-id before '*' token
./../../include/wx/fl/controlbar.h:1655: error: expected unqualified-id before '*' token./../../include/wx/fl/controlbar.h:1579: error: expected initializer before 'cbEVT_PL_START_BAR_DRAGGING'

./../../include/wx/fl/controlbar.h:1655: error: expected `)' before '*' token
./../../include/wx/fl/controlbar.h:1580: error: expected initializer before 'cbEVT_PL_DRAW_HINT_RECT'


./../../include/wx/fl/controlbar.h:1656: error: 'wxEvtHandler' has not been declared
./../../include/wx/fl/controlbar.h:1656: error: expected unqualified-id before '*' token./../../include/wx/fl/controlbar.h:1638: error: expected `)' before '*' token
./../../include/wx/fl/controlbar.h:1639: error: 'wxEvtHandler' has not been declared
./../../include/wx/fl/controlbar.h:1645: error: expected `)' before '*' token
./../../include/wx/fl/controlbar.h:1582: error: expected initializer before 'cbEVT_PL_START_DRAW_IN_AREA'./../../include/wx/fl/controlbar.h:1656: error: expected `)' before '*' token
./../../include/wx/fl/controlbar.h:1639: error: expected unqualified-id before '*' token
./../../include/wx/fl/controlbar.h:1583: error: expected initializer before 'cbEVT_PL_FINISH_DRAW_IN_AREA'
./../../include/wx/fl/controlbar.h:1701: error: expected class-name before '{' token
./../../include/wx/fl/controlbar.h:1639: error: expected `)' before '*' token

./../../include/wx/fl/controlbar.h:1641: error: 'wxEvtHandler' has not been declared
./../../include/wx/fl/controlbar.h:1641: error: expected unqualified-id before '*' token./../../include/wx/fl/controlbar.h:1766: error: invalid use of incomplete type 'struct cbPluginEvent'

'struct cbPluginEvent
./../../include/wx/fl/controlbar.h:1766: confused by earlier errors, bailing out
./../../include/wx/fl/controlbar.h:1585: error: expected initializer before 'cbEVT_PL_CUSTOMIZE_BAR'

./../../include/wx/fl/controlbar.h:1641: error: expected `)' before '*' token./../../include/wx/fl/controlbar.h:1646: error: 'wxEvtHandler' has not been declared
./../../include/wx/fl/controlbar.h:1646: error: expected unqualified-id before '*' token
./../../include/wx/fl/controlbar.h:1646: error: expected `)' before '*' token
./../../include/wx/fl/controlbar.h:1647: error: 'wxEvtHandler' has not been declared
./../../include/wx/fl/controlbar.h:1647: error: expected unqualified-id before '*' token
./../../include/wx/fl/controlbar.h:1647: error: expected `)' before '*' token
./../../include/wx/fl/controlbar.h:1649: error: 'wxEvtHandler' has not been declared
./../../include/wx/fl/controlbar.h:1649: error: expected unqualified-id before '*' token
./../../include/wx/fl/controlbar.h:1649: error: expected `)' before '*' token
./../../include/wx/fl/controlbar.h:1650: error: 'wxEvtHandler' has not been declared
./../../include/wx/fl/controlbar.h:1650: error: expected unqualified-id before '*' token
./../../include/wx/fl/controlbar.h:1650: error: expected `)' before '*' token
./../../include/wx/fl/controlbar.h:1652: error: 'wxEvtHandler' has not been declared
./../../include/wx/fl/controlbar.h:1652: error: expected unqualified-id before '*' token
./../../include/wx/fl/controlbar.h:1652: error: expected `)' before '*' token
./../../include/wx/fl/controlbar.h:1653: error: 'wxEvtHandler' has not been declared
./../../include/wx/fl/controlbar.h:1586: error: expected initializer before 'cbEVT_PL_CUSTOMIZE_LAYOUT'
./../../include/wx/fl/controlbar.h:1588: error: expected initializer before 'wxCUSTOM_CB_PLUGIN_EVENTS_START_AT'
./../../include/wx/fl/controlbar.h:1626: error: 'wxEvtHandler' has not been declared
./../../include/wx/fl/controlbar.h:1626: error: expected unqualified-id before '*' token
./../../include/wx/fl/controlbar.h:1626: error: expected `)' before '*' token
./../../include/wx/fl/controlbar.h:1653: error: expected unqualified-id before '*' token
./../../include/wx/fl/controlbar.h:1653: error: expected `)' before '*' token
./../../include/wx/fl/controlbar.h:1655: error: 'wxEvtHandler' has not been declared
./../../include/wx/fl/controlbar.h:1655: error: expected unqualified-id before '*' token
./../../include/wx/fl/controlbar.h:1655: error: expected `)' before '*' token
./../../include/wx/fl/controlbar.h:1656: error: 'wxEvtHandler' has not been declared
./../../include/wx/fl/controlbar.h:1656: error: expected unqualified-id before '*' token
./../../include/wx/fl/controlbar.h:1656: error: expected `)' before '*' token
./../../include/wx/fl/controlbar.h:1701: error: expected class-name before '{' token
./../../include/wx/fl/controlbar.h:1766: error: invalid use of incomplete type 'struct cbPluginEvent'
'struct cbPluginEvent
./../../include/wx/fl/controlbar.h:1766: confused by earlier errors, bailing out
./../../include/wx/fl/controlbar.h:1627: error: 'wxEvtHandler' has not been declared
./../../include/wx/fl/controlbar.h:1627: error: expected unqualified-id before '*' token
./../../include/wx/fl/controlbar.h:1627: error: expected `)' before '*' token
./../../include/wx/fl/controlbar.h:1628: error: 'wxEvtHandler' has not been declared
./../../include/wx/fl/controlbar.h:1628: error: expected unqualified-id before '*' token
./../../include/wx/fl/controlbar.h:1628: error: expected `)' before '*' token
./../../include/wx/fl/controlbar.h:1629: error: 'wxEvtHandler' has not been declared
./../../include/wx/fl/controlbar.h:1629: error: expected unqualified-id before '*' token
./../../include/wx/fl/controlbar.h:1629: error: expected `)' before '*' token
./../../include/wx/fl/controlbar.h:1630: error: 'wxEvtHandler' has not been declared
./../../include/wx/fl/controlbar.h:1630: error: expected unqualified-id before '*' token
./../../include/wx/fl/controlbar.h:1630: error: expected `)' before '*' token
./../../include/wx/fl/controlbar.h:1631: error: 'wxEvtHandler' has not been declared
./../../include/wx/fl/controlbar.h:1631: error: expected unqualified-id before '*' token
./../../include/wx/fl/controlbar.h:1631: error: expected `)' before '*' token
./../../include/wx/fl/controlbar.h:1633: error: 'wxEvtHandler' has not been declared
./../../include/wx/fl/controlbar.h:1633: error: expected unqualified-id before '*' token
./../../include/wx/fl/controlbar.h:1633: error: expected `)' before '*' token
./../../include/wx/fl/controlbar.h:1634: error: 'wxEvtHandler' has not been declared
./../../include/wx/fl/controlbar.h:1634: error: expected unqualified-id before '*' token
./../../include/wx/fl/controlbar.h:1634: error: expected `)' before '*' token
./../../include/wx/fl/controlbar.h:1635: error: 'wxEvtHandler' has not been declared
./../../include/wx/fl/controlbar.h:1635: error: expected unqualified-id before '*' token
./../../include/wx/fl/controlbar.h:1635: error: expected `)' before '*' token
./../../include/wx/fl/controlbar.h:1636: error: 'wxEvtHandler' has not been declared
./../../include/wx/fl/controlbar.h:1636: error: expected unqualified-id before '*' token
./../../include/wx/fl/controlbar.h:1636: error: expected `)' before '*' token
./../../include/wx/fl/controlbar.h:1637: error: 'wxEvtHandler' has not been declared
./../../include/wx/fl/controlbar.h:1637: error: expected unqualified-id before '*' token
./../../include/wx/fl/controlbar.h:1637: error: expected `)' before '*' token
./../../include/wx/fl/controlbar.h:1638: error: 'wxEvtHandler' has not been declared
./../../include/wx/fl/controlbar.h:1638: error: expected unqualified-id before '*' token
./../../include/wx/fl/controlbar.h:1638: error: expected `)' before '*' token
./../../include/wx/fl/controlbar.h:1639: error: 'wxEvtHandler' has not been declared
./../../include/wx/fl/controlbar.h:1639: error: expected unqualified-id before '*' token
./../../include/wx/fl/controlbar.h:1639: error: expected `)' before '*' token
./../../include/wx/fl/controlbar.h:1641: error: 'wxEvtHandler' has not been declared
./../../include/wx/fl/controlbar.h:1641: error: expected unqualified-id before '*' token
./../../include/wx/fl/controlbar.h:1641: error: expected `)' before '*' token
./../../include/wx/fl/controlbar.h:1642: error: 'wxEvtHandler' has not been declared
./../../include/wx/fl/controlbar.h:1642: error: expected unqualified-id before '*' token
./../../include/wx/fl/controlbar.h:1642: error: expected `)' before '*' token
./../../include/wx/fl/controlbar.h:1643: error: 'wxEvtHandler' has not been declared
./../../include/wx/fl/controlbar.h:1643: error: expected unqualified-id before '*' token
./../../include/wx/fl/controlbar.h:1643: error: expected `)' before '*' token
./../../include/wx/fl/controlbar.h:1644: error: 'wxEvtHandler' has not been declared
./../../include/wx/fl/controlbar.h:1644: error: expected unqualified-id before '*' token
./../../include/wx/fl/controlbar.h:1644: error: expected `)' before '*' token
./../../include/wx/fl/controlbar.h:1645: error: 'wxEvtHandler' has not been declared
./../../include/wx/fl/controlbar.h:1645: error: expected unqualified-id before '*' token
./../../include/wx/fl/controlbar.h:1645: error: expected `)' before '*' token
./../../include/wx/fl/controlbar.h:1646: error: 'wxEvtHandler' has not been declared
./../../include/wx/fl/controlbar.h:1646: error: expected unqualified-id before '*' token
./../../include/wx/fl/controlbar.h:1646: error: expected `)' before '*' token
./../../include/wx/fl/controlbar.h:1647: error: 'wxEvtHandler' has not been declared
./../../include/wx/fl/controlbar.h:1647: error: expected unqualified-id before '*' token
./../../include/wx/fl/controlbar.h:1647: error: expected `)' before '*' token
./../../include/wx/fl/controlbar.h:1649: error: 'wxEvtHandler' has not been declared
./../../include/wx/fl/controlbar.h:1649: error: expected unqualified-id before '*' token
./../../include/wx/fl/controlbar.h:1649: error: expected `)' before '*' token
./../../include/wx/fl/controlbar.h:1650: error: 'wxEvtHandler' has not been declared
./../../include/wx/fl/controlbar.h:1650: error: expected unqualified-id before '*' token
./../../include/wx/fl/controlbar.h:1650: error: expected `)' before '*' token
./../../include/wx/fl/controlbar.h:1652: error: 'wxEvtHandler' has not been declared
./../../include/wx/fl/controlbar.h:1652: error: expected unqualified-id before '*' token
./../../include/wx/fl/controlbar.h:1652: error: expected `)' before '*' token
./../../include/wx/fl/controlbar.h:1653: error: 'wxEvtHandler' has not been declared
./../../include/wx/fl/controlbar.h:1653: error: expected unqualified-id before '*' token
./../../include/wx/fl/controlbar.h:1653: error: expected `)' before '*' token
./../../include/wx/fl/controlbar.h:1655: error: 'wxEvtHandler' has not been declared
./../../include/wx/fl/controlbar.h:1655: error: expected unqualified-id before '*' token
./../../include/wx/fl/controlbar.h:1655: error: expected `)' before '*' token
./../../include/wx/fl/controlbar.h:1656: error: 'wxEvtHandler' has not been declared
./../../include/wx/fl/controlbar.h:1656: error: expected unqualified-id before '*' token
./../../include/wx/fl/controlbar.h:1656: error: expected `)' before '*' token
./../../include/wx/fl/controlbar.h:1701: error: expected class-name before '{' token
./../../include/wx/fl/controlbar.h:1766: error: invalid use of incomplete type 'struct cbPluginEvent'
'struct cbPluginEvent
./../../include/wx/fl/controlbar.h:1766: confused by earlier errors, bailing out

./../../include/wx/fl/controlbar.h:1642: error: 'wxEvtHandler' has not been declared
./../../include/wx/fl/controlbar.h:1642: error: expected unqualified-id before '*' token
./../../include/wx/fl/controlbar.h:1642: error: expected `)' before '*' token
./../../include/wx/fl/controlbar.h:1643: error: 'wxEvtHandler' has not been declared
./../../include/wx/fl/controlbar.h:1643: error: expected unqualified-id before '*' token
./../../include/wx/fl/controlbar.h:1643: error: expected `)' before '*' token
./../../include/wx/fl/controlbar.h:1644: error: 'wxEvtHandler' has not been declared
./../../include/wx/fl/controlbar.h:1644: error: expected unqualified-id before '*' token
./../../include/wx/fl/controlbar.h:1644: error: expected `)' before '*' token
./../../include/wx/fl/controlbar.h:1645: error: 'wxEvtHandler' has not been declared
./../../include/wx/fl/controlbar.h:1645: error: expected unqualified-id before '*' token
./../../include/wx/fl/controlbar.h:1645: error: expected `)' before '*' token
./../../include/wx/fl/controlbar.h:1646: error: 'wxEvtHandler' has not been declared
./../../include/wx/fl/controlbar.h:1646: error: expected unqualified-id before '*' token
./../../include/wx/fl/controlbar.h:1646: error: expected `)' before '*' token
./../../include/wx/fl/controlbar.h:1647: error: 'wxEvtHandler' has not been declared
./../../include/wx/fl/controlbar.h:1647: error: expected unqualified-id before '*' token
./../../include/wx/fl/controlbar.h:1647: error: expected `)' before '*' token
./../../include/wx/fl/controlbar.h:1649: error: 'wxEvtHandler' has not been declared
./../../include/wx/fl/controlbar.h:1649: error: expected unqualified-id before '*' token
./../../include/wx/fl/controlbar.h:1649: error: expected `)' before '*' token
./../../include/wx/fl/controlbar.h:1650: error: 'wxEvtHandler' has not been declared
./../../include/wx/fl/controlbar.h:1650: error: expected unqualified-id before '*' token
./../../include/wx/fl/controlbar.h:1650: error: expected `)' before '*' token
./../../include/wx/fl/controlbar.h:1652: error: 'wxEvtHandler' has not been declared
./../../include/wx/fl/controlbar.h:1652: error: expected unqualified-id before '*' token
./../../include/wx/fl/controlbar.h:1652: error: expected `)' before '*' token
./../../include/wx/fl/controlbar.h:1653: error: 'wxEvtHandler' has not been declared
./../../include/wx/fl/controlbar.h:1653: error: expected unqualified-id before '*' token
./../../include/wx/fl/controlbar.h:1653: error: expected `)' before '*' token
./../../include/wx/fl/controlbar.h:1655: error: 'wxEvtHandler' has not been declared
./../../include/wx/fl/controlbar.h:1655: error: expected unqualified-id before '*' token
./../../include/wx/fl/controlbar.h:1655: error: expected `)' before '*' token
./../../include/wx/fl/controlbar.h:1656: error: 'wxEvtHandler' has not been declared
./../../include/wx/fl/controlbar.h:1656: error: expected unqualified-id before '*' token
./../../include/wx/fl/controlbar.h:1656: error: expected `)' before '*' token
./../../include/wx/fl/controlbar.h:1701: error: expected class-name before '{' token
./../../include/wx/fl/controlbar.h:1766: error: invalid use of incomplete type 'struct cbPluginEvent'
'struct cbPluginEvent
./../../include/wx/fl/controlbar.h:1766: confused by earlier errors, bailing out
gmake[2]: *** [fldll_cbcustom.o] ÐžÑˆÐ¸Ð±ÐºÐ° 1
gmake[2]: *** ÐžÐ¶Ð¸Ð´Ð°Ð½Ð¸Ðµ Ð·Ð°Ð²ÐµÑ€ÑˆÐµÐ½Ð¸Ñ Ð·Ð°Ð´Ð°Ð½Ð¸Ð¹...
gmake[2]: *** [fldll_bardragpl.o] ÐžÑˆÐ¸Ð±ÐºÐ° 1
gmake[2]: *** [fldll_antiflickpl.o] ÐžÑˆÐ¸Ð±ÐºÐ° 1
gmake[2]: *** [fldll_barhintspl.o] ÐžÑˆÐ¸Ð±ÐºÐ° 1
gmake[2]: Ð’Ñ‹Ñ…Ð¾Ð´ Ð¸Ð· ÐºÐ°Ñ‚Ð°Ð»Ð¾Ð³Ð° `/usr/ports/x11-toolkits/wxgtk28-contrib/work/wxGTK-2.8.12/contrib/src/fl'
gmake[2]: Ð’Ñ…Ð¾Ð´ Ð² ÐºÐ°Ñ‚Ð°Ð»Ð¾Ð³ `/usr/ports/x11-toolkits/wxgtk28-contrib/work/wxGTK-2.8.12/contrib/src/gizmos'
/usr/ports/x11-toolkits/wxgtk28-contrib/work/wxGTK-2.8.12/bk-make-pch ./.pch/wxprec_gizmosdll/wx/wxprec.h.gch wx/wxprec.h c++ -I./.pch/wxprec_gizmosdll -D__WXGTK__     -DWXBUILDING -I./../../include -DWXUSINGDLL -DWXMAKINGDLL_GIZMOS -fPIC -DPIC  -O2 -pipe -fno-strict-aliasing 
/usr/ports/x11-toolkits/wxgtk28-contrib/work/wxGTK-2.8.12/bk-make-pch ./.pch/wxprec_gizmos_xrcdll/wx/wxprec.h.gch wx/wxprec.h c++ -I./.pch/wxprec_gizmos_xrcdll -D__WXGTK__     -DWXBUILDING -I./../../include -DWXUSINGDLL -DWXMAKINGDLL_GIZMOS_XRC -fPIC -DPIC  -O2 -pipe -fno-strict-aliasing 
error: can't find header wx/wxprec.h in include paths
/usr/ports/x11-toolkits/wxgtk28-contrib/work/wxGTK-2.8.12/bk-deps c++ -c -o gizmosdll_dynamicsash.o -I./.pch/wxprec_gizmosdll -D__WXGTK__     -DWXBUILDING -I./../../include -DWXUSINGDLL -DWXMAKINGDLL_GIZMOS -fPIC -DPIC  -O2 -pipe -fno-strict-aliasing  ./dynamicsash.cpp
/usr/ports/x11-toolkits/wxgtk28-contrib/work/wxGTK-2.8.12/bk-deps c++ -c -o gizmosdll_editlbox.o -I./.pch/wxprec_gizmosdll -D__WXGTK__     -DWXBUILDING -I./../../include -DWXUSINGDLL -DWXMAKINGDLL_GIZMOS -fPIC -DPIC  -O2 -pipe -fno-strict-aliasing  ./editlbox.cpp
/usr/ports/x11-toolkits/wxgtk28-contrib/work/wxGTK-2.8.12/bk-deps c++ -c -o gizmosdll_ledctrl.o -I./.pch/wxprec_gizmosdll -D__WXGTK__     -DWXBUILDING -I./../../include -DWXUSINGDLL -DWXMAKINGDLL_GIZMOS -fPIC -DPIC  -O2 -pipe -fno-strict-aliasing  ./ledctrl.cpp
./dynamicsash.cpp:14:23: error: error: can't find header wx/wxprec.h in include paths
wx/wxprec.h: No such file or directory./editlbox.cpp:11:23:
/usr/ports/x11-toolkits/wxgtk28-contrib/work/wxGTK-2.8.12/bk-deps c++ -c -o gizmosdll_multicell.o -I./.pch/wxprec_gizmosdll -D__WXGTK__     -DWXBUILDING -I./../../include -DWXUSINGDLL -DWXMAKINGDLL_GIZMOS -fPIC -DPIC  -O2 -pipe -fno-strict-aliasing  ./multicell.cpp
 error: wx/wxprec.h: No such file or directory
./editlbox.cpp:20:23: ./dynamicsash.cpp:23:23:error:  wx/wx.h: No such file or directory
error: wx/wx.h: No such file or directory
In file included from ./editlbox.cpp:23:
./../../include/wx/gizmos/editlbox.h:14:22: error: wx/panel.h: No such file or directory
./editlbox.cpp:24:22:In file included from ./dynamicsash.cpp:30:
 ./../../include/wx/gizmos/dynamicsash.h:64:22: error: wx/event.h: No such file or directory
error: ./../../include/wx/gizmos/dynamicsash.h:65:23: wx/sizer.h: No such file or directoryerror: 
wx/window.h: No such file or directory
./editlbox.cpp:25:25:./dynamicsash.cpp:84:25:  error: wx/dcmemory.h: No such file or directory
./dynamicsash.cpp:85:25: error: wx/dcscreen.h: No such file or directory
./dynamicsash.cpp:86:23: error: error: wx/layout.h: No such file or directory
./dynamicsash.cpp:87:25:wx/listctrl.h: No such file or directory
 error: wx/scrolbar.h: No such file or directory
./dynamicsash.cpp:88:25: error: wx/settings.h: No such file or directory
./ledctrl.cpp:5:23: error: In file included from ./editlbox.cpp:23:
./../../include/wx/gizmos/editlbox.h:17: error: aggregate 'WXDLLEXPORT wxBitmapButton' has incomplete type and cannot be defined
./../../include/wx/gizmos/editlbox.h:18: error: aggregate 'WXDLLEXPORT wxListCtrl' has incomplete type and cannot be defined
wx/wxprec.h: No such file or directory
./ledctrl.cpp:12:29:In file included from ./dynamicsash.cpp:30:
./../../include/wx/gizmos/dynamicsash.h:67: error: aggregate 'WXDLLIMPEXP_CORE wxScrollBar' has incomplete type and cannot be defined
./../../include/wx/gizmos/dynamicsash.h:97: error: expected initializer before 'const'
./../../include/wx/gizmos/dynamicsash.h:98: error: expected initializer before 'const'
./../../include/wx/gizmos/dynamicsash.h:116: error: function definition does not declare parameters
 error: wx/dcclient.h: No such file or directory
./../../include/wx/gizmos/dynamicsash.h:140: error: function definition does not declare parameters
./ledctrl.cpp:13:29: error: wx/dcmemory.h: No such file or directory
./../../include/wx/gizmos/editlbox.h:19: error: aggregate 'WXDLLEXPORT wxListEvent' has incomplete type and cannot be defined
./../../include/wx/gizmos/editlbox.h:28: error: function definition does not declare parameters./../../include/wx/gizmos/dynamicsash.h:153: error: 'wxEvtHandler' has not been declared
./ledctrl.cpp:14:25:./editlbox.cpp:32: error: expected class-name before '{' token
 error: 
./../../include/wx/gizmos/dynamicsash.h:153: error: expected unqualified-id before '*' token
./../../include/wx/gizmos/dynamicsash.h:153: error: expected `)' before '*' token
./editlbox.cpp:34: error: expected `)' before '*' token
wx/intl.h: No such file or directory./../../include/wx/gizmos/dynamicsash.h:154: error: 'wxEvtHandler' has not been declared
./../../include/wx/gizmos/dynamicsash.h:154: error: expected unqualified-id before '*' token
./../../include/wx/gizmos/dynamicsash.h:154: error: expected `)' before '*' token
./../../include/wx/gizmos/dynamicsash.h:171: error: expected initializer before '*' token./editlbox.cpp:64: error: ISO C++ forbids declaration of 'DECLARE_EVENT_TABLE' with no type

./editlbox.cpp:65: error: expected ';' before 'void'
./../../include/wx/gizmos/dynamicsash.h:173: error: function definition does not declare parameters

./dynamicsash.cpp:33: error: expected initializer before '*' token
./editlbox.cpp:70: error: expected `;' before '}' token
./editlbox.cpp: In member function 'void CleverListCtrl::CreateColumns()':
./editlbox.cpp:48: error: '_T' was not declared in this scope
./editlbox.cpp:48: error: 'InsertColumn' was not declared in this scope
In file included from ./ledctrl.cpp:17:
./../../include/wx/gizmos/ledctrl.h:6:23: ./dynamicsash.cpp:91: error: 'wxEventType' does not name a type
./editlbox.cpp: In member function 'void CleverListCtrl::SizeColumns()':
./editlbox.cpp:54: error: 'GetSize' was not declared in this scope
./editlbox.cpp:58: error: 'wxSystemSettings' has not been declared
./dynamicsash.cpp:92: error: 'wxEventType' does not name a type
./dynamicsash.cpp:93: error: 'wxEventType' does not name a type./editlbox.cpp:58: error: 'wxSYS_VSCROLL_X' was not declared in this scope
./editlbox.cpp:60: error: 'SetColumnWidth' was not declared in this scope
./editlbox.cpp: At global scope:
./editlbox.cpp:72: error: 'wxListCtrl' is not a type

./dynamicsash.cpp:117: error: expected class-name before '{' token
warning: ./dynamicsash.cpp:120: error: expected `)' before '*' token
wx/window.h: No such file or directory./editlbox.cpp:73: error: expected constructor, destructor, or type conversion before 'EVT_SIZE'

./../../include/wx/gizmos/ledctrl.h:7:24: warning: wx/control.h: No such file or directory
./dynamicsash.cpp:123: error: ISO C++ forbids declaration of 'wxEvent' with no type
./dynamicsash.cpp:123: error: 'wxEvent' declared as a 'virtual' field
./editlbox.cpp:82: error: expected constructor, destructor, or type conversion before '(' token./dynamicsash.cpp:123: error: expected ';' before '*' token
./dynamicsash.cpp:125: error: expected `;' before 'DECLARE_DYNAMIC_CLASS'
./editlbox.cpp:87: error: 'wxNewId' was not declared in this scope
./editlbox.cpp:88: error: 'wxNewId' was not declared in this scope
In file included from ./ledctrl.cpp:17:
./../../include/wx/gizmos/ledctrl.h:32: error: function definition does not declare parameters./editlbox.cpp:89: error: 'wxNewId' was not declared in this scope

./editlbox.cpp:90: error: 'wxNewId' was not declared in this scope
./editlbox.cpp:91: error: 'wxNewId' was not declared in this scope

./editlbox.cpp:93: error: expected constructor, destructor, or type conversion before '(' token./dynamicsash.cpp:125: error: ISO C++ forbids declaration of 'DECLARE_DYNAMIC_CLASS' with no type
./dynamicsash.cpp:126: error: expected ';' before '}' token
./dynamicsash.cpp:126: error: expected `;' before '}' token

./dynamicsash.cpp:130: error: expected class-name before '{' token
./dynamicsash.cpp:132: error: expected `)' before '*' token./ledctrl.cpp:60: error: 'wxLEDNumberCtrl' has not been declared
./ledctrl.cpp:60: error: ISO C++ forbids declaration of 'wxLEDNumberCtrl' with no type

./dynamicsash.cpp:136: error: 'wxWindow' has not been declared
./ledctrl.cpp: In function 'int wxLEDNumberCtrl()':
./ledctrl.cpp:61: error: only constructors take base initializers
./ledctrl.cpp: At global scope:
./ledctrl.cpp:72: error: 'wxLEDNumberCtrl' is not a class or namespace
./ledctrl.cpp:72: error: expected constructor, destructor, or type conversion before '(' token
./dynamicsash.cpp:145: error: ISO C++ forbids declaration of 'wxWindow' with no type./ledctrl.cpp:87: error: 'wxLEDNumberCtrl' is not a class or namespace

./ledctrl.cpp:87: error: 'wxWindow' was not declared in this scope./dynamicsash.cpp:145: error: expected ';' before '*' token

./dynamicsash.cpp:146: error: ISO C++ forbids declaration of 'wxScrollBar' with no type./ledctrl.cpp:87: error: 'parent' was not declared in this scope
./ledctrl.cpp:87: error: 'wxWindowID' was not declared in this scope
./ledctrl.cpp:88: error: expected primary-expression before 'const'
./ledctrl.cpp:88: error: expected primary-expression before 'const'

./dynamicsash.cpp:146: error: expected ';' before '*' token
./dynamicsash.cpp:148: error: 'wxSizeEvent' has not been declared./ledctrl.cpp:89: error: expected primary-expression before 'long'
./ledctrl.cpp:89: error: initializer expression list treated as compound expression

./dynamicsash.cpp:149: error: 'wxPaintEvent' has not been declared
./ledctrl.cpp:90: error: expected ',' or ';' before '{' token./dynamicsash.cpp:150: error: 'wxMouseEvent' has not been declared

./ledctrl.cpp:105: error: 'wxLEDNumberCtrl' is not a class or namespace
./ledctrl.cpp: In function 'void SetAlignment(wxLEDValueAlign, bool)':
./ledctrl.cpp:107: error: 'm_Alignment' was not declared in this scope./dynamicsash.cpp:151: error: 'wxMouseEvent' has not been declared
./dynamicsash.cpp:152: error: 'wxMouseEvent' has not been declared
./dynamicsash.cpp:153: error: 'wxMouseEvent' has not been declared
./ledctrl.cpp:110: error: 'GetClientSize' was not declared in this scope
./ledctrl.cpp:110: error: 'RecalcInternals' was not declared in this scope

./ledctrl.cpp:113: error: 'Refresh' was not declared in this scope./dynamicsash.cpp:155: error: ISO C++ forbids declaration of 'wxDynamicSashWindow' with no type

./dynamicsash.cpp:155: error: expected ';' before '*' token./ledctrl.cpp: At global scope:
./ledctrl.cpp:118: error: 'wxLEDNumberCtrl' is not a class or namespace
./ledctrl.cpp: In function 'void SetDrawFaded(bool, bool)':
./ledctrl.cpp:120: error: 'm_DrawFaded' was not declared in this scope

./ledctrl.cpp:125: error: 'Refresh' was not declared in this scope./dynamicsash.cpp:163: error: ISO C++ forbids declaration of 'wxWindow' with no type./multicell.cpp:15:23: error: wx/wxprec.h: No such file or directory


./multicell.cpp:26:23: ./ledctrl.cpp: At global scope:
./ledctrl.cpp:130: error: 'wxLEDNumberCtrl' is not a class or namespace
./ledctrl.cpp:130: error: variable or field 'SetValue' declared void
./ledctrl.cpp:130: error: 'wxString' was not declared in this scope
./dynamicsash.cpp:163: error: expected ';' before '*' tokenerror: wx/wx.h: No such file or directory
./ledctrl.cpp:130: error: expected primary-expression before 'bool'
In file included from ./multicell.cpp:29:
./../../include/wx/gizmos/multicell.h:24:22: 
error: wx/sizer.h: No such file or directory
./dynamicsash.cpp:183: error: expected class-name before '{' token
./dynamicsash.cpp:189: error: 'wxWindow' has not been declaredIn file included from ./multicell.cpp:29:
./../../include/wx/gizmos/multicell.h:46: error: function definition does not declare parameters
./../../include/wx/gizmos/multicell.h:81: error: function definition does not declare parameters
./dynamicsash.cpp:191: error: expected ',' or '...' before '&' token
./../../include/wx/gizmos/multicell.h:131: error: function definition does not declare parameters

./multicell.cpp:36: error: expected constructor, destructor, or type conversion before '(' token
./multicell.cpp:37: error: expected constructor, destructor, or type conversion before '(' token
./multicell.cpp:58: error: 'wxMultiCellItemHandle' has not been declared
./dynamicsash.cpp:191: error: ISO C++ forbids declaration of 'wxSize' with no type./multicell.cpp:58: error: 'wxSize' has not been declared
./dynamicsash.cpp:192: error: ISO C++ forbids declaration of 'wxScrollBar' with no type
./dynamicsash.cpp:192: error: expected ';' before '*' token
./dynamicsash.cpp:194: error: 'wxSizeEvent' has not been declared
./dynamicsash.cpp:195: error: 'wxSizeEvent' has not been declared
./multicell.cpp:58: error: 'wxSize' has not been declared

./multicell.cpp: In function 'void Initialize(int, int, int, int, int, wxResizable, int, int)':
./multicell.cpp:60: error: 'm_column' was not declared in this scope
./dynamicsash.cpp:196: error: 'wxPaintEvent' has not been declared./multicell.cpp:61: error: 'm_row' was not declared in this scope
./multicell.cpp:62: error: 'm_width' was not declared in this scope

./dynamicsash.cpp:197: error: 'wxScrollEvent' has not been declared
./multicell.cpp:63: error: 'm_height' was not declared in this scope
./multicell.cpp:65: error: 'm_style' was not declared in this scope
./dynamicsash.cpp:198: error: 'wxFocusEvent' has not been declared./multicell.cpp:66: error: 'm_fixedSize' was not declared in this scope
./dynamicsash.cpp:199: error: 'wxMouseEvent' has not been declared

./dynamicsash.cpp:200: error: 'wxMouseEvent' has not been declared
./multicell.cpp:67: error: 'm_alignment' was not declared in this scope
./multicell.cpp:68: error: 'm_weight' was not declared in this scope./dynamicsash.cpp:201: error: 'wxMouseEvent' has not been declared

./multicell.cpp: At global scope:
./multicell.cpp:71: error: 'wxMultiCellItemHandle' has not been declared./dynamicsash.cpp:202: error: 'wxMouseEvent' has not been declared
./multicell.cpp:71: error: 'wxSize' has not been declared
./multicell.cpp:71: error: 'wxSize' has not been declared

./multicell.cpp:71: error: ISO C++ forbids declaration of 'wxMultiCellItemHandle' with no type
./dynamicsash.cpp:203: error: 'wxEvent' has not been declared
./dynamicsash.cpp:207: error: ISO C++ forbids declaration of 'wxScrollBar' with no type
./dynamicsash.cpp:207: error: expected ';' before '*' token
./dynamicsash.cpp:214: error: ISO C++ forbids declaration of 'wxWindow' with no type
./dynamicsash.cpp:214: error: expected ';' before '*' token./multicell.cpp:76: error: 'wxMultiCellItemHandle' is not a class or namespace
./multicell.cpp:76: error: 'wxSize' has not been declared
./multicell.cpp:76: error: 'wxSize' has not been declared
./multicell.cpp:76: error: ISO C++ forbids declaration of 'wxMultiCellItemHandle' with no type

./multicell.cpp:81: error: 'wxMultiCellItemHandle' is not a class or namespace
./multicell.cpp:81: error: 'wxSize' has not been declared./dynamicsash.cpp:223: error: 'wxDynamicSashWindow' has not been declared

./multicell.cpp:81: error: ISO C++ forbids declaration of 'wxMultiCellItemHandle' with no type
./multicell.cpp: In function 'int wxMultiCellItemHandle(int, int, wxResizable, int, int)':
./multicell.cpp:83: error: 'wxSize' was not declared in this scope./dynamicsash.cpp:223: error: ISO C++ forbids declaration of 'wxDynamicSashWindow' with no type

./multicell.cpp: At global scope:
./multicell.cpp:86: error: 'wxMultiCellItemHandle' is not a class or namespace./dynamicsash.cpp: In function 'int wxDynamicSashWindow()':
./dynamicsash.cpp:225: error: 'm_impl' was not declared in this scope

./multicell.cpp: In function 'int GetColumn()':
./multicell.cpp:88: error: 'm_column' was not declared in this scope./dynamicsash.cpp:225: error: 'NULL' was not declared in this scope

./multicell.cpp: At global scope:
./multicell.cpp:91: error: 'wxMultiCellItemHandle' is not a class or namespace./dynamicsash.cpp: At global scope:
./dynamicsash.cpp:228: error: 'wxDynamicSashWindow' is not a class or namespace
./multicell.cpp: In function 'int GetRow()':
./multicell.cpp:93: error: 'm_row' was not declared in this scope
./dynamicsash.cpp:228: error: expected constructor, destructor, or type conversion before '(' token

./dynamicsash.cpp:239: error: expected constructor, destructor, or type conversion before '::' token
./dynamicsash.cpp:245: error: 'wxDynamicSashWindow' is not a class or namespace./multicell.cpp: At global scope:
./multicell.cpp:96: error: 'wxMultiCellItemHandle' is not a class or namespace

./dynamicsash.cpp:245: error: 'wxWindow' was not declared in this scope
./dynamicsash.cpp:245: error: 'parent' was not declared in this scope./multicell.cpp: In function 'int GetWidth()':
./multicell.cpp:98: error: 'm_width' was not declared in this scopegmake[2]: 
*** [gizmosdll_editlbox.o] ÐžÑˆÐ¸Ð±ÐºÐ° 1
./multicell.cpp: At global scope:
./multicell.cpp:101: error: 'wxMultiCellItemHandle' is not a class or namespace./dynamicsash.cpp:246: error: 'wxWindowID' was not declared in this scope
./multicell.cpp: In function 'int GetHeight()':
./multicell.cpp:103: error: 'm_height' was not declared in this scope
./multicell.cpp: At global scope:
./multicell.cpp:106: error: 'wxMultiCellItemHandle' is not a class or namespace

./multicell.cpp: In function 'wxResizable GetStyle()':
./multicell.cpp:108: error: 'm_style' was not declared in this scope./dynamicsash.cpp:247: error: expected primary-expression before 'const'
./dynamicsash.cpp:248: error: expected primary-expression before 'const'
./dynamicsash.cpp:249: error: expected primary-expression before 'long'
./dynamicsash.cpp:250: error: expected primary-expression before 'const'


./dynamicsash.cpp:250: error: initializer expression list treated as compound expression./multicell.cpp: At global scope:
./multicell.cpp:111: error: 'wxSize' does not name a typegmake[2]: *** ÐžÐ¶Ð¸Ð´Ð°Ð½Ð¸Ðµ Ð·Ð°Ð²ÐµÑ€ÑˆÐµÐ½Ð¸Ñ Ð·Ð°Ð´Ð°Ð½Ð¸Ð¹...

./multicell.cpp:116: error: 'wxMultiCellItemHandle' is not a class or namespace

./dynamicsash.cpp:251: error: expected ',' or ';' before '{' token
gmake[2]: *** [gizmosdll_ledctrl.o] ÐžÑˆÐ¸Ð±ÐºÐ° 1
./multicell.cpp: In function 'int GetAlignment()':
./multicell.cpp:118: error: 'm_alignment' was not declared in this scope
./multicell.cpp: At global scope:
./multicell.cpp:121: error: 'wxSize' does not name a type
./multicell.cpp:144: error: 'wxMultiCellSizer' has not been declared
./multicell.cpp:144: error: variable or field 'Initialize' declared void
./multicell.cpp:144: error: 'wxSize' was not declared in this scope
gmake[2]: *** [gizmosdll_dynamicsash.o] ÐžÑˆÐ¸Ð±ÐºÐ° 1
gmake[2]: *** [gizmosdll_multicell.o] ÐžÑˆÐ¸Ð±ÐºÐ° 1
gmake[2]: Ð’Ñ‹Ñ…Ð¾Ð´ Ð¸Ð· ÐºÐ°Ñ‚Ð°Ð»Ð¾Ð³Ð° `/usr/ports/x11-toolkits/wxgtk28-contrib/work/wxGTK-2.8.12/contrib/src/gizmos'
gmake[2]: Ð’Ñ…Ð¾Ð´ Ð² ÐºÐ°Ñ‚Ð°Ð»Ð¾Ð³ `/usr/ports/x11-toolkits/wxgtk28-contrib/work/wxGTK-2.8.12/contrib/src/mmedia'
gmake[2]: *** ÐÐµÑ‚ Ð¿Ñ€Ð°Ð²Ð¸Ð»Ð° Ð´Ð»Ñ ÑÐ±Ð¾Ñ€ÐºÐ¸ Ñ†ÐµÐ»Ð¸ `cdunix.cpp', Ñ‚Ñ€ÐµÐ±ÑƒÐµÐ¼Ð¾Ð¹ Ð´Ð»Ñ `mmediadll_cdunix.o'.  ÐžÑÑ‚Ð°Ð½Ð¾Ð².
gmake[2]: Ð’Ñ‹Ñ…Ð¾Ð´ Ð¸Ð· ÐºÐ°Ñ‚Ð°Ð»Ð¾Ð³Ð° `/usr/ports/x11-toolkits/wxgtk28-contrib/work/wxGTK-2.8.12/contrib/src/mmedia'
gmake[2]: Ð’Ñ…Ð¾Ð´ Ð² ÐºÐ°Ñ‚Ð°Ð»Ð¾Ð³ `/usr/ports/x11-toolkits/wxgtk28-contrib/work/wxGTK-2.8.12/contrib/src/ogl'
/usr/ports/x11-toolkits/wxgtk28-contrib/work/wxGTK-2.8.12/bk-make-pch ./.pch/wxprec_ogldll/wx/wxprec.h.gch wx/wxprec.h c++ -I./.pch/wxprec_ogldll -D__WXGTK__     -DWXBUILDING -I./../../include -DWXUSINGDLL -DWXMAKINGDLL_OGL -fPIC -DPIC  -O2 -pipe -fno-strict-aliasing 
error: can't find header wx/wxprec.h in include paths
/usr/ports/x11-toolkits/wxgtk28-contrib/work/wxGTK-2.8.12/bk-deps c++ -c -o ogldll_basic2.o -I./.pch/wxprec_ogldll -D__WXGTK__     -DWXBUILDING -I./../../include -DWXUSINGDLL -DWXMAKINGDLL_OGL -fPIC -DPIC  -O2 -pipe -fno-strict-aliasing  ./basic2.cpp
/usr/ports/x11-toolkits/wxgtk28-contrib/work/wxGTK-2.8.12/bk-deps c++ -c -o ogldll_canvas.o -I./.pch/wxprec_ogldll -D__WXGTK__     -DWXBUILDING -I./../../include -DWXUSINGDLL -DWXMAKINGDLL_OGL -fPIC -DPIC  -O2 -pipe -fno-strict-aliasing  ./canvas.cpp
/usr/ports/x11-toolkits/wxgtk28-contrib/work/wxGTK-2.8.12/bk-deps c++ -c -o ogldll_divided.o -I./.pch/wxprec_ogldll -D__WXGTK__     -DWXBUILDING -I./../../include -DWXUSINGDLL -DWXMAKINGDLL_OGL -fPIC -DPIC  -O2 -pipe -fno-strict-aliasing  ./divided.cpp
/usr/ports/x11-toolkits/wxgtk28-contrib/work/wxGTK-2.8.12/bk-deps c++ -c -o ogldll_mfutils.o -I./.pch/wxprec_ogldll -D__WXGTK__     -DWXBUILDING -I./../../include -DWXUSINGDLL -DWXMAKINGDLL_OGL -fPIC -DPIC  -O2 -pipe -fno-strict-aliasing  ./mfutils.cpp
./basic2.cpp:13:23: error: wx/wxprec.h: No such file or directory
./mfutils.cpp:13:23:./basic2.cpp:20:19:  error: wx/wx.h: No such file or directoryerror: wx/wxprec.h: No such file or directory
./mfutils.cpp:20:19: 
./divided.cpp:13:23:error:  wx/wx.h: No such file or directory
error: wx/wxprec.h: No such file or directory
./divided.cpp:20:19: error: ./mfutils.cpp:23:25:wx/wx.h: No such file or directory
 error: wx/metafile.h: No such file or directory
./mfutils.cpp:24:22: error: wx/utils.h: No such file or directory
./canvas.cpp:13:23: error: wx/wxprec.h: No such file or directory
./canvas.cpp:20:19: error: wx/wx.h: No such file or directory
In file included from ./../../include/wx/ogl/ogl.h:37In file included from ./../../include/wx/ogl/ogl.h:37In file included from ./../../include/wx/ogl/ogl.h:37,
                 from ./mfutils.cpp:26,
                 from ./basic2.cpp:35:
./../../include/wx/ogl/mfutils.h:17:25: error: wx/metafile.h: No such file or directory:

./../../include/wx/ogl/mfutils.h:17:25: error: wx/metafile.h: No such file or directory
,
                 from ./divided.cpp:27:
./../../include/wx/ogl/mfutils.h:17:25: error: wx/metafile.h: No such file or directory
In file included from ./../../include/wx/ogl/ogl.h:37In file included from ./../../include/wx/ogl/ogl.h:24,
                 from ./divided.cpp:27:
./../../include/wx/ogl/basic.h:130: error: function definition does not declare parameters
,
                 from ./canvas.cpp:35./../../include/wx/ogl/basic.h:195: error: function definition does not declare parameters
:
./../../include/wx/ogl/mfutils.h:17:25:./../../include/wx/ogl/basic.h:574: error: function definition does not declare parameters
./../../include/wx/ogl/basic.h:654: error: function definition does not declare parameters
./../../include/wx/ogl/basic.h:690: error: function definition does not declare parameters
 ./../../include/wx/ogl/basic.h:706: error: function definition does not declare parameters
./../../include/wx/ogl/basic.h:743: error: function definition does not declare parameters
error: wx/metafile.h: No such file or directory
In file included from ./../../include/wx/ogl/ogl.h:24,
                 from ./mfutils.cpp:26:
./../../include/wx/ogl/basic.h:130: error: function definition does not declare parametersIn file included from ./../../include/wx/ogl/ogl.h:25,
                 from ./divided.cpp:27:
./../../include/wx/ogl/basicp.h:17: error: function definition does not declare parameters
./../../include/wx/ogl/basicp.h:39: error: aggregate 'WXEXPORT wxShape' has incomplete type and cannot be defined
./../../include/wx/ogl/basicp.h:40: error: function definition does not declare parameters
./../../include/wx/ogl/basicp.h:87: error: aggregate 'WXEXPORT wxPolygonShape' has incomplete type and cannot be defined
./../../include/wx/ogl/basicp.h:88: error: function definition does not declare parameters

./../../include/wx/ogl/basic.h:195: error: function definition does not declare parameters./../../include/wx/ogl/basicp.h:122: error: function definition does not declare parameters
./../../include/wx/ogl/basicp.h:199: error: function definition does not declare parameters
In file included from ./../../include/wx/ogl/ogl.h:26,
                 from ./divided.cpp:27:
./../../include/wx/ogl/lines.h:16: error: aggregate 'WXEXPORT wxLabelShape' has incomplete type and cannot be defined
./../../include/wx/ogl/lines.h:17: error: aggregate 'WXEXPORT wxPseudoMetaFile' has incomplete type and cannot be defined
./../../include/wx/ogl/basic.h:574: error: function definition does not declare parameters
./../../include/wx/ogl/basic.h:654: error: function definition does not declare parameters
./../../include/wx/ogl/lines.h:18: error: aggregate 'WXEXPORT wxLineControlPoint' has incomplete type and cannot be defined

./../../include/wx/ogl/basic.h:690: error: function definition does not declare parameters
./../../include/wx/ogl/lines.h:46: error: function definition does not declare parameters
./../../include/wx/ogl/lines.h:89: error: function definition does not declare parameters
In file included from ./../../include/wx/ogl/ogl.h:27,
                 from ./divided.cpp:27:
./../../include/wx/ogl/linesp.h:16: error: aggregate 'WXEXPORT wxLineShape' has incomplete type and cannot be defined
./../../include/wx/ogl/basic.h:706: error: function definition does not declare parameters./../../include/wx/ogl/linesp.h:17: error: function definition does not declare parameters
./../../include/wx/ogl/linesp.h:52: error: function definition does not declare parameters
In file included from ./../../include/wx/ogl/ogl.h:28,
                 from ./divided.cpp:27:
./../../include/wx/ogl/divided.h:26: error: expected initializer before '*' token

./../../include/wx/ogl/divided.h:27: error: function definition does not declare parameters
In file included from ./../../include/wx/ogl/ogl.h:29,
                 from ./divided.cpp:27:
./../../include/wx/ogl/composit.h:16: error: aggregate 'WXEXPORT wxDivisionShape' has incomplete type and cannot be defined./../../include/wx/ogl/basic.h:743: error: function definition does not declare parameters
In file included from ./../../include/wx/ogl/ogl.h:25,
                 from ./mfutils.cpp:26:
./../../include/wx/ogl/basicp.h:17: error: function definition does not declare parameters
./../../include/wx/ogl/basicp.h:39: error: aggregate 'WXEXPORT wxShape' has incomplete type and cannot be defined
./../../include/wx/ogl/basicp.h:40: error: function definition does not declare parameters

./../../include/wx/ogl/basicp.h:87: error: aggregate 'WXEXPORT wxPolygonShape' has incomplete type and cannot be defined./../../include/wx/ogl/composit.h:17: error: aggregate 'WXEXPORT wxOGLConstraint' has incomplete type and cannot be defined
./../../include/wx/ogl/basicp.h:88: error: function definition does not declare parameters

./../../include/wx/ogl/composit.h:24: error: function definition does not declare parameters
./../../include/wx/ogl/basicp.h:122: error: function definition does not declare parameters
./../../include/wx/ogl/composit.h:122: error: function definition does not declare parameters./../../include/wx/ogl/basicp.h:199: error: function definition does not declare parameters

In file included from ./../../include/wx/ogl/ogl.h:30,
                 from ./divided.cpp:27:
./../../include/wx/ogl/canvas.h:23: error: expected initializer before '*' tokenIn file included from ./../../include/wx/ogl/ogl.h:26,
                 from ./mfutils.cpp:26:
./../../include/wx/ogl/lines.h:16: error: aggregate 'WXEXPORT wxLabelShape' has incomplete type and cannot be defined
./../../include/wx/ogl/canvas.h:27: error: aggregate 'WXEXPORT wxDiagram' has incomplete type and cannot be defined

./../../include/wx/ogl/canvas.h:29: error: function definition does not declare parameters./../../include/wx/ogl/lines.h:17: error: aggregate 'WXEXPORT wxPseudoMetaFile' has incomplete type and cannot be defined
./../../include/wx/ogl/lines.h:18: error: aggregate 'WXEXPORT wxLineControlPoint' has incomplete type and cannot be defined

./../../include/wx/ogl/lines.h:46: error: function definition does not declare parametersIn file included from ./../../include/wx/ogl/ogl.h:31,
                 from ./divided.cpp:27:
./../../include/wx/ogl/ogldiag.h:22: error: function definition does not declare parameters
./../../include/wx/ogl/ogldiag.h:97: error: function definition does not declare parameters
./../../include/wx/ogl/ogldiag.h:110: error: function definition does not declare parameters
In file included from ./../../include/wx/ogl/ogl.h:33,
                 from ./divided.cpp:27:
./../../include/wx/ogl/bmpshape.h:16: error: function definition does not declare parameters
In file included from ./../../include/wx/ogl/ogl.h:34,
                 from ./divided.cpp:27:
./../../include/wx/ogl/constrnt.h:21: error: function definition does not declare parameters
./../../include/wx/ogl/constrnt.h:36: error: expected initializer before '*' token
./../../include/wx/ogl/constrnt.h:57: error: function definition does not declare parameters

In file included from ./../../include/wx/ogl/ogl.h:35,
                 from ./divided.cpp:27:
./../../include/wx/ogl/drawn.h:19: error: aggregate 'WXEXPORT wxDrawnShape' has incomplete type and cannot be defined./../../include/wx/ogl/lines.h:89: error: function definition does not declare parameters
In file included from ./../../include/wx/ogl/ogl.h:27,
                 from ./mfutils.cpp:26:
./../../include/wx/ogl/linesp.h:16: error: aggregate 'WXEXPORT wxLineShape' has incomplete type and cannot be defined
./../../include/wx/ogl/linesp.h:17: error: function definition does not declare parameters
./../../include/wx/ogl/linesp.h:52: error: function definition does not declare parameters

./../../include/wx/ogl/drawn.h:20: error: function definition does not declare parametersIn file included from ./../../include/wx/ogl/ogl.h:28,
                 from ./mfutils.cpp:26:
./../../include/wx/ogl/divided.h:26: error: expected initializer before '*' token

./../../include/wx/ogl/divided.h:27: error: function definition does not declare parameters./../../include/wx/ogl/drawn.h:128: error: function definition does not declare parameters

In file included from ./../../include/wx/ogl/ogl.h:29,
                 from ./mfutils.cpp:26:
./../../include/wx/ogl/composit.h:16: error: aggregate 'WXEXPORT wxDivisionShape' has incomplete type and cannot be defined
In file included from ./../../include/wx/ogl/ogl.h:36,
                 from ./divided.cpp:27:
./../../include/wx/ogl/drawnp.h:53: error: function definition does not declare parameters./../../include/wx/ogl/composit.h:17: error: aggregate 'WXEXPORT wxOGLConstraint' has incomplete type and cannot be defined
./../../include/wx/ogl/composit.h:24: error: function definition does not declare parameters
./../../include/wx/ogl/composit.h:122: error: function definition does not declare parameters

In file included from ./../../include/wx/ogl/ogl.h:30,
                 from ./mfutils.cpp:26:
./../../include/wx/ogl/canvas.h:23: error: expected initializer before '*' token./../../include/wx/ogl/drawnp.h:91: error: function definition does not declare parameters

./../../include/wx/ogl/canvas.h:27: error: aggregate 'WXEXPORT wxDiagram' has incomplete type and cannot be defined./../../include/wx/ogl/drawnp.h:116: error: function definition does not declare parameters
./../../include/wx/ogl/canvas.h:29: error: function definition does not declare parameters
./../../include/wx/ogl/drawnp.h:141: error: function definition does not declare parameters
In file included from ./../../include/wx/ogl/ogl.h:31,
                 from ./mfutils.cpp:26:
./../../include/wx/ogl/ogldiag.h:22: error: function definition does not declare parameters
./../../include/wx/ogl/ogldiag.h:97: error: function definition does not declare parameters
./../../include/wx/ogl/ogldiag.h:110: error: function definition does not declare parameters
In file included from ./../../include/wx/ogl/ogl.h:33,
                 from ./mfutils.cpp:26:
./../../include/wx/ogl/bmpshape.h:16: error: function definition does not declare parameters
./../../include/wx/ogl/drawnp.h:174: error: function definition does not declare parameters

In file included from ./../../include/wx/ogl/ogl.h:37,
                 from ./divided.cpp:27:
./../../include/wx/ogl/mfutils.h:363: error: function definition does not declare parametersIn file included from ./../../include/wx/ogl/ogl.h:34,
                 from ./mfutils.cpp:26:
./../../include/wx/ogl/constrnt.h:21: error: function definition does not declare parameters
./../../include/wx/ogl/mfutils.h:386: error: function definition does not declare parameters
./../../include/wx/ogl/constrnt.h:36: error: expected initializer before '*' token
./../../include/wx/ogl/constrnt.h:57: error: function definition does not declare parameters
In file included from ./../../include/wx/ogl/ogl.h:35,
                 from ./mfutils.cpp:26:
./../../include/wx/ogl/drawn.h:19: error: aggregate 'WXEXPORT wxDrawnShape' has incomplete type and cannot be defined

./../../include/wx/ogl/drawn.h:20: error: function definition does not declare parameters
In file included from ./../../include/wx/ogl/ogl.h:24,
                 from ./basic2.cpp:35:
./../../include/wx/ogl/basic.h:130: error: function definition does not declare parametersIn file included from ./../../include/wx/ogl/ogl.h:38,
                 from ./divided.cpp:27:
./../../include/wx/ogl/misc.h:18: error: 'wxList' does not name a type
./../../include/wx/ogl/misc.h:27: error: two or more data types in declaration of 'oglCentreText'
./../../include/wx/ogl/misc.h:27: error: 'wxDC' was not declared in this scope
./../../include/wx/ogl/misc.h:27: error: 'dc' was not declared in this scope./../../include/wx/ogl/drawn.h:128: error: function definition does not declare parameters
In file included from ./../../include/wx/ogl/ogl.h:36,
                 from ./mfutils.cpp:26:
./../../include/wx/ogl/drawnp.h:53: error: function definition does not declare parameters
./../../include/wx/ogl/misc.h:27: error: 'wxList' was not declared in this scope
./../../include/wx/ogl/misc.h:27: error: 'text' was not declared in this scope
./../../include/wx/ogl/misc.h:27: error: expected primary-expression before 'double'
./../../include/wx/ogl/basic.h:195: error: function definition does not declare parameters
./../../include/wx/ogl/basic.h:574: error: function definition does not declare parameters

./../../include/wx/ogl/drawnp.h:91: error: function definition does not declare parameters./../../include/wx/ogl/basic.h:654: error: function definition does not declare parameters

./../../include/wx/ogl/misc.h:27: error: expected primary-expression before 'double'

./../../include/wx/ogl/basic.h:690: error: function definition does not declare parameters
./../../include/wx/ogl/basic.h:706: error: function definition does not declare parameters
./../../include/wx/ogl/basic.h:743: error: function definition does not declare parameters
./../../include/wx/ogl/drawnp.h:116: error: function definition does not declare parameters
./../../include/wx/ogl/drawnp.h:141: error: function definition does not declare parameters
In file included from ./../../include/wx/ogl/ogl.h:24,
                 from ./canvas.cpp:35:
./../../include/wx/ogl/basic.h:130: error: function definition does not declare parameters./../../include/wx/ogl/misc.h:28: error: expected primary-expression before 'double'
In file included from ./../../include/wx/ogl/ogl.h:25,
                 from ./basic2.cpp:35:
./../../include/wx/ogl/basicp.h:17: error: function definition does not declare parameters
./../../include/wx/ogl/misc.h:28: error: expected primary-expression before 'double'
./../../include/wx/ogl/drawnp.h:174: error: function definition does not declare parameters

./../../include/wx/ogl/misc.h:29: error: expected primary-expression before 'int'./../../include/wx/ogl/basicp.h:39: error: aggregate 'WXEXPORT wxShape' has incomplete type and cannot be defined
./../../include/wx/ogl/basicp.h:40: error: function definition does not declare parameters
In file included from ./../../include/wx/ogl/ogl.h:37,
                 from ./mfutils.cpp:26:
./../../include/wx/ogl/mfutils.h:363: error: function definition does not declare parameters./../../include/wx/ogl/basicp.h:87: error: aggregate 'WXEXPORT wxPolygonShape' has incomplete type and cannot be defined
./../../include/wx/ogl/basic.h:195: error: function definition does not declare parameters

./../../include/wx/ogl/basicp.h:88: error: function definition does not declare parameters./../../include/wx/ogl/basic.h:574: error: function definition does not declare parameters

./../../include/wx/ogl/basic.h:654: error: function definition does not declare parameters./../../include/wx/ogl/mfutils.h:386: error: function definition does not declare parameters

./../../include/wx/ogl/misc.h:33: error: expected initializer before '*' token./../../include/wx/ogl/basic.h:690: error: function definition does not declare parameters
In file included from ./../../include/wx/ogl/ogl.h:38,
                 from ./mfutils.cpp:26:
./../../include/wx/ogl/misc.h:18: error: 'wxList' does not name a type

./../../include/wx/ogl/basicp.h:122: error: function definition does not declare parameters./../../include/wx/ogl/misc.h:37: error: two or more data types in declaration of 'oglCentreTextNoClipping'
./../../include/wx/ogl/basic.h:706: error: function definition does not declare parameters./../../include/wx/ogl/misc.h:37: error: 'wxDC' was not declared in this scope


./../../include/wx/ogl/basicp.h:199: error: function definition does not declare parameters./../../include/wx/ogl/basic.h:743: error: function definition does not declare parameters
./../../include/wx/ogl/misc.h:37: error: 'dc' was not declared in this scopeIn file included from ./../../include/wx/ogl/ogl.h:25,
                 from ./canvas.cpp:35:
./../../include/wx/ogl/basicp.h:17: error: function definition does not declare parameters

In file included from ./../../include/wx/ogl/ogl.h:26,
                 from ./basic2.cpp:35:
./../../include/wx/ogl/lines.h:16: error: aggregate 'WXEXPORT wxLabelShape' has incomplete type and cannot be defined


./../../include/wx/ogl/misc.h:37: error: 'wxList' was not declared in this scope
./../../include/wx/ogl/misc.h:37: error: 'text_list' was not declared in this scope./../../include/wx/ogl/misc.h:27: error: two or more data types in declaration of 'oglCentreText'
./../../include/wx/ogl/misc.h:27: error: 'wxDC' was not declared in this scope

./../../include/wx/ogl/basicp.h:39: error: aggregate 'WXEXPORT wxShape' has incomplete type and cannot be defined./../../include/wx/ogl/misc.h:27: error: 'dc' was not declared in this scope
./../../include/wx/ogl/misc.h:27: error: 'wxList' was not declared in this scope./../../include/wx/ogl/misc.h:38: error: expected primary-expression before 'double'
./../../include/wx/ogl/lines.h:17: error: aggregate 'WXEXPORT wxPseudoMetaFile' has incomplete type and cannot be defined
./../../include/wx/ogl/misc.h:27: error: 'text' was not declared in this scope
./../../include/wx/ogl/misc.h:38: error: expected primary-expression before 'double'

./../../include/wx/ogl/misc.h:27: error: expected primary-expression before 'double'
./../../include/wx/ogl/misc.h:27: error: expected primary-expression before 'double'./../../include/wx/ogl/lines.h:18: error: aggregate 'WXEXPORT wxLineControlPoint' has incomplete type and cannot be defined
./../../include/wx/ogl/lines.h:46: error: function definition does not declare parameters

./../../include/wx/ogl/lines.h:89: error: function definition does not declare parameters
./../../include/wx/ogl/misc.h:28: error: expected primary-expression before 'double'In file included from ./../../include/wx/ogl/ogl.h:27,
                 from ./basic2.cpp:35:
./../../include/wx/ogl/linesp.h:16: error: aggregate 'WXEXPORT wxLineShape' has incomplete type and cannot be defined


./../../include/wx/ogl/misc.h:38: error: expected primary-expression before 'double'
./../../include/wx/ogl/misc.h:38: error: expected primary-expression before 'double'./../../include/wx/ogl/linesp.h:17: error: function definition does not declare parameters
./../../include/wx/ogl/misc.h:28: error: expected primary-expression before 'double'

./../../include/wx/ogl/basicp.h:40: error: function definition does not declare parameters
./../../include/wx/ogl/linesp.h:52: error: function definition does not declare parameters./../../include/wx/ogl/misc.h:41: error: two or more data types in declaration of 'oglGetCentredTextExtent'
./../../include/wx/ogl/misc.h:29: error: expected primary-expression before 'int'

./../../include/wx/ogl/basicp.h:87: error: aggregate 'WXEXPORT wxPolygonShape' has incomplete type and cannot be defined
./../../include/wx/ogl/basicp.h:88: error: function definition does not declare parameters
./../../include/wx/ogl/misc.h:33: error: expected initializer before '*' token
./../../include/wx/ogl/misc.h:37: error: two or more data types in declaration of 'oglCentreTextNoClipping'./../../include/wx/ogl/basicp.h:122: error: function definition does not declare parameters

./../../include/wx/ogl/misc.h:41: error: 'wxDC' was not declared in this scope
In file included from ./../../include/wx/ogl/ogl.h:28,
                 from ./basic2.cpp:35:
./../../include/wx/ogl/divided.h:26: error: expected initializer before '*' token./../../include/wx/ogl/misc.h:37: error: 'wxDC' was not declared in this scope
./../../include/wx/ogl/misc.h:37: error: 'dc' was not declared in this scope
./../../include/wx/ogl/misc.h:37: error: 'wxList' was not declared in this scope
./../../include/wx/ogl/misc.h:37: error: 'text_list' was not declared in this scope./../../include/wx/ogl/misc.h:41: error: 'dc' was not declared in this scope
./../../include/wx/ogl/misc.h:41: error: 'wxList' was not declared in this scope


./../../include/wx/ogl/basicp.h:199: error: function definition does not declare parameters./../../include/wx/ogl/misc.h:38: error: expected primary-expression before 'double'
./../../include/wx/ogl/misc.h:38: error: expected primary-expression before 'double'
./../../include/wx/ogl/misc.h:38: error: expected primary-expression before 'double'
./../../include/wx/ogl/misc.h:38: error: expected primary-expression before 'double'
./../../include/wx/ogl/divided.h:27: error: function definition does not declare parameters./../../include/wx/ogl/misc.h:41: error: two or more data types in declaration of 'oglGetCentredTextExtent'
./../../include/wx/ogl/misc.h:41: error: 'text_list' was not declared in this scope
./../../include/wx/ogl/misc.h:41: error: 'wxDC' was not declared in this scope


./../../include/wx/ogl/misc.h:41: error: 'dc' was not declared in this scopeIn file included from ./../../include/wx/ogl/ogl.h:29,
                 from ./basic2.cpp:35:
./../../include/wx/ogl/composit.h:16: error: aggregate 'WXEXPORT wxDivisionShape' has incomplete type and cannot be defined
./../../include/wx/ogl/composit.h:17: error: aggregate 'WXEXPORT wxOGLConstraint' has incomplete type and cannot be defined
./../../include/wx/ogl/misc.h:42: error: expected primary-expression before 'double'
In file included from ./../../include/wx/ogl/ogl.h:26,
                 from ./canvas.cpp:35:
./../../include/wx/ogl/lines.h:16: error: aggregate 'WXEXPORT wxLabelShape' has incomplete type and cannot be defined./../../include/wx/ogl/misc.h:41: error: 'wxList' was not declared in this scope
./../../include/wx/ogl/misc.h:41: error: 'text_list' was not declared in this scope
./../../include/wx/ogl/misc.h:42: error: expected primary-expression before 'double'
./../../include/wx/ogl/misc.h:42: error: expected primary-expression before 'double'

./../../include/wx/ogl/composit.h:24: error: function definition does not declare parameters

./../../include/wx/ogl/composit.h:122: error: function definition does not declare parameters
./../../include/wx/ogl/misc.h:42: error: expected primary-expression before 'double'./../../include/wx/ogl/lines.h:17: error: aggregate 'WXEXPORT wxPseudoMetaFile' has incomplete type and cannot be defined
./../../include/wx/ogl/lines.h:18: error: aggregate 'WXEXPORT wxLineControlPoint' has incomplete type and cannot be defined

In file included from ./../../include/wx/ogl/ogl.h:30,
                 from ./basic2.cpp:35:
./../../include/wx/ogl/canvas.h:23: error: expected initializer before '*' token
./../../include/wx/ogl/lines.h:46: error: function definition does not declare parameters./../../include/wx/ogl/misc.h:42: error: expected primary-expression before 'double'
./../../include/wx/ogl/misc.h:43: error: expected primary-expression before 'double'

./../../include/wx/ogl/misc.h:42: error: expected primary-expression before 'double'
./../../include/wx/ogl/lines.h:89: error: function definition does not declare parameters./../../include/wx/ogl/misc.h:43: error: expected primary-expression before 'double'
./../../include/wx/ogl/misc.h:42: error: expected primary-expression before 'double'./../../include/wx/ogl/misc.h:46: error: two or more data types in declaration of 'oglDrawFormattedText'
./../../include/wx/ogl/canvas.h:27: error: aggregate 'WXEXPORT wxDiagram' has incomplete type and cannot be defined
./../../include/wx/ogl/misc.h:46: error: 'wxDC' was not declared in this scope

./../../include/wx/ogl/misc.h:42: error: expected primary-expression before 'double'

./../../include/wx/ogl/misc.h:43: error: expected primary-expression before 'double'
./../../include/wx/ogl/canvas.h:29: error: function definition does not declare parameters
./../../include/wx/ogl/misc.h:46: error: 'context' was not declared in this scope
In file included from ./../../include/wx/ogl/ogl.h:27,
                 from ./canvas.cpp:35:
./../../include/wx/ogl/linesp.h:16: error: aggregate 'WXEXPORT wxLineShape' has incomplete type and cannot be definedIn file included from ./../../include/wx/ogl/ogl.h:31,
                 from ./basic2.cpp:35:
./../../include/wx/ogl/ogldiag.h:22: error: function definition does not declare parameters./../../include/wx/ogl/misc.h:43: error: expected primary-expression before 'double'

./../../include/wx/ogl/misc.h:46: error: 'wxList' was not declared in this scope

./../../include/wx/ogl/misc.h:46: error: two or more data types in declaration of 'oglDrawFormattedText'
./../../include/wx/ogl/misc.h:46: error: 'wxDC' was not declared in this scope./../../include/wx/ogl/ogldiag.h:97: error: function definition does not declare parameters
./../../include/wx/ogl/ogldiag.h:110: error: function definition does not declare parameters
In file included from ./../../include/wx/ogl/ogl.h:33,
                 from ./basic2.cpp:35:
./../../include/wx/ogl/bmpshape.h:16: error: function definition does not declare parameters
./../../include/wx/ogl/linesp.h:17: error: function definition does not declare parametersIn file included from ./../../include/wx/ogl/ogl.h:34,
                 from ./basic2.cpp:35:
./../../include/wx/ogl/constrnt.h:21: error: function definition does not declare parameters
./../../include/wx/ogl/constrnt.h:36: error: expected initializer before '*' token./../../include/wx/ogl/misc.h:46: error: 'text_list' was not declared in this scope



./../../include/wx/ogl/misc.h:47: error: expected primary-expression before 'double'./../../include/wx/ogl/linesp.h:52: error: function definition does not declare parameters

./../../include/wx/ogl/misc.h:47: error: expected primary-expression before 'double'./../../include/wx/ogl/misc.h:46: error: 'context' was not declared in this scope
./../../include/wx/ogl/misc.h:46: error: 'wxList' was not declared in this scope
In file included from ./../../include/wx/ogl/ogl.h:28,
                 from ./canvas.cpp:35:
./../../include/wx/ogl/divided.h:26: error: expected initializer before '*' token./../../include/wx/ogl/misc.h:46: error: 'text_list' was not declared in this scope
./../../include/wx/ogl/misc.h:47: error: expected primary-expression before 'double'
./../../include/wx/ogl/misc.h:47: error: expected primary-expression before 'double'

./../../include/wx/ogl/constrnt.h:57: error: function definition does not declare parameters

./../../include/wx/ogl/misc.h:47: error: expected primary-expression before 'double'
./../../include/wx/ogl/misc.h:47: error: expected primary-expression before 'double'
In file included from ./../../include/wx/ogl/ogl.h:35,
                 from ./basic2.cpp:35:
./../../include/wx/ogl/drawn.h:19: error: aggregate 'WXEXPORT wxDrawnShape' has incomplete type and cannot be defined
./../../include/wx/ogl/misc.h:48: error: expected primary-expression before 'int'./../../include/wx/ogl/misc.h:47: error: expected primary-expression before 'double'
./../../include/wx/ogl/misc.h:47: error: expected primary-expression before 'double'

./../../include/wx/ogl/drawn.h:20: error: function definition does not declare parameters
./../../include/wx/ogl/divided.h:27: error: function definition does not declare parameters./../../include/wx/ogl/misc.h:51: error: two or more data types in declaration of 'oglFindPolylineCentroid'
./../../include/wx/ogl/misc.h:51: error: 'wxList' was not declared in this scope
./../../include/wx/ogl/misc.h:51: error: 'points' was not declared in this scope
./../../include/wx/ogl/misc.h:51: error: expected primary-expression before 'double'./../../include/wx/ogl/misc.h:48: error: expected primary-expression before 'int'


./../../include/wx/ogl/misc.h:51: error: expected primary-expression before 'double'In file included from ./../../include/wx/ogl/ogl.h:29,
                 from ./canvas.cpp:35:
./../../include/wx/ogl/composit.h:16: error: aggregate 'WXEXPORT wxDivisionShape' has incomplete type and cannot be defined
./../../include/wx/ogl/drawn.h:128: error: function definition does not declare parameters./../../include/wx/ogl/composit.h:17: error: aggregate 'WXEXPORT wxOGLConstraint' has incomplete type and cannot be defined
./../../include/wx/ogl/misc.h:51: error: two or more data types in declaration of 'oglFindPolylineCentroid'

In file included from ./../../include/wx/ogl/ogl.h:36,
                 from ./basic2.cpp:35:
./../../include/wx/ogl/drawnp.h:53: error: function definition does not declare parameters
./../../include/wx/ogl/drawnp.h:91: error: function definition does not declare parameters
./../../include/wx/ogl/misc.h:55: error: two or more data types in declaration of 'oglCheckLineIntersection'
./../../include/wx/ogl/drawnp.h:116: error: function definition does not declare parameters

./../../include/wx/ogl/drawnp.h:141: error: function definition does not declare parameters./../../include/wx/ogl/misc.h:51: error: 'wxList' was not declared in this scope
./../../include/wx/ogl/misc.h:51: error: 'points' was not declared in this scope
./../../include/wx/ogl/misc.h:51: error: expected primary-expression before 'double'./../../include/wx/ogl/composit.h:24: error: function definition does not declare parameters

./../../include/wx/ogl/composit.h:122: error: function definition does not declare parameters./../../include/wx/ogl/misc.h:58: error: two or more data types in declaration of 'oglFindEndForPolyline'
./../../include/wx/ogl/drawnp.h:174: error: function definition does not declare parameters
./../../include/wx/ogl/misc.h:64: error: two or more data types in declaration of 'oglFindEndForBox'

In file included from ./../../include/wx/ogl/ogl.h:30,
                 from ./canvas.cpp:35:
./../../include/wx/ogl/canvas.h:23: error: expected initializer before '*' token
./../../include/wx/ogl/canvas.h:27: error: aggregate 'WXEXPORT wxDiagram' has incomplete type and cannot be defined./../../include/wx/ogl/misc.h:69: error: two or more data types in declaration of 'oglFindEndForCircle'

./../../include/wx/ogl/misc.h:51: error: expected primary-expression before 'double'
./../../include/wx/ogl/misc.h:75: error: two or more data types in declaration of 'oglGetArrowPoints'
In file included from ./../../include/wx/ogl/ogl.h:37,
                 from ./basic2.cpp:35:
./../../include/wx/ogl/mfutils.h:363: error: function definition does not declare parameters
./../../include/wx/ogl/canvas.h:29: error: function definition does not declare parameters
./../../include/wx/ogl/mfutils.h:386: error: function definition does not declare parameters
./../../include/wx/ogl/misc.h:55: error: two or more data types in declaration of 'oglCheckLineIntersection'In file included from ./../../include/wx/ogl/ogl.h:38,
                 from ./basic2.cpp:35:
./../../include/wx/ogl/misc.h:18: error: 'wxList' does not name a type
./../../include/wx/ogl/misc.h:27: error: two or more data types in declaration of 'oglCentreText'

In file included from ./../../include/wx/ogl/ogl.h:31,
                 from ./canvas.cpp:35:
./../../include/wx/ogl/ogldiag.h:22: error: function definition does not declare parameters
./../../include/wx/ogl/misc.h:27: error: 'wxDC' was not declared in this scope
./../../include/wx/ogl/misc.h:89: error: two or more data types in declaration of 'oglDrawArcToEllipse'

./../../include/wx/ogl/misc.h:27: error: 'dc' was not declared in this scope
./../../include/wx/ogl/misc.h:27: error: 'wxList' was not declared in this scope
./../../include/wx/ogl/ogldiag.h:97: error: function definition does not declare parameters
./../../include/wx/ogl/misc.h:91: error: two or more data types in declaration of 'oglRoughlyEqual'./../../include/wx/ogl/misc.h:27: error: 'text' was not declared in this scope
./../../include/wx/ogl/misc.h:58: error: two or more data types in declaration of 'oglFindEndForPolyline'
./../../include/wx/ogl/ogldiag.h:110: error: function definition does not declare parameters./../../include/wx/ogl/misc.h:27: error: expected primary-expression before 'double'
./../../include/wx/ogl/misc.h:27: error: expected primary-expression before 'double'
./../../include/wx/ogl/misc.h:93: error: expected initializer before '*' token

./../../include/wx/ogl/misc.h:64: error: two or more data types in declaration of 'oglFindEndForBox'./../../include/wx/ogl/misc.h:94: error: expected initializer before '*' token

In file included from ./../../include/wx/ogl/ogl.h:33,
                 from ./canvas.cpp:35:
./../../include/wx/ogl/bmpshape.h:16: error: function definition does not declare parameters

./../../include/wx/ogl/misc.h:95: error: expected initializer before '*' token
./../../include/wx/ogl/misc.h:69: error: two or more data types in declaration of 'oglFindEndForCircle'./../../include/wx/ogl/misc.h:28: error: expected primary-expression before 'double'
./../../include/wx/ogl/misc.h:28: error: expected primary-expression before 'double'
In file included from ./../../include/wx/ogl/ogl.h:34,
                 from ./canvas.cpp:35:
./../../include/wx/ogl/constrnt.h:21: error: function definition does not declare parameters./../../include/wx/ogl/misc.h:96: error: expected initializer before '*' token


./../../include/wx/ogl/misc.h:97: error: expected initializer before '*' token
./../../include/wx/ogl/misc.h:98: error: expected initializer before '*' token./../../include/wx/ogl/constrnt.h:36: error: expected initializer before '*' token./../../include/wx/ogl/misc.h:75: error: two or more data types in declaration of 'oglGetArrowPoints'
./../../include/wx/ogl/misc.h:29: error: expected primary-expression before 'int'


./../../include/wx/ogl/misc.h:100: error: expected initializer before '*' token./../../include/wx/ogl/misc.h:33: error: expected initializer before '*' token

./../../include/wx/ogl/misc.h:89: error: two or more data types in declaration of 'oglDrawArcToEllipse'
./../../include/wx/ogl/misc.h:37: error: two or more data types in declaration of 'oglCentreTextNoClipping'./../../include/wx/ogl/misc.h:91: error: two or more data types in declaration of 'oglRoughlyEqual'./../../include/wx/ogl/constrnt.h:57: error: function definition does not declare parameters

./../../include/wx/ogl/misc.h:37: error: 'wxDC' was not declared in this scope
In file included from ./../../include/wx/ogl/ogl.h:35,
                 from ./canvas.cpp:35:
./../../include/wx/ogl/drawn.h:19: error: aggregate 'WXEXPORT wxDrawnShape' has incomplete type and cannot be defined
./../../include/wx/ogl/drawn.h:20: error: function definition does not declare parameters

./../../include/wx/ogl/misc.h:102: error: expected initializer before 'oglColourToHex'
./../../include/wx/ogl/misc.h:37: error: 'dc' was not declared in this scope./../../include/wx/ogl/misc.h:103: error: expected initializer before 'oglHexToColour'

./../../include/wx/ogl/misc.h:93: error: expected initializer before '*' token./../../include/wx/ogl/misc.h:104: error: two or more data types in declaration of 'oglDecToHex'
./../../include/wx/ogl/misc.h:105: error: two or more data types in declaration of 'oglHexToDec'
./../../include/wx/ogl/drawn.h:128: error: function definition does not declare parametersIn file included from ./mfutils.cpp:26:
./../../include/wx/ogl/ogl.h:41: error: two or more data types in declaration of 'wxOGLInitialize'./../../include/wx/ogl/misc.h:37: error: 'wxList' was not declared in this scope



./../../include/wx/ogl/misc.h:94: error: expected initializer before '*' token
./../../include/wx/ogl/misc.h:37: error: 'text_list' was not declared in this scope./../../include/wx/ogl/ogl.h:42: error: two or more data types in declaration of 'wxOGLCleanUp'

./../../include/wx/ogl/misc.h:38: error: expected primary-expression before 'double'
./../../include/wx/ogl/misc.h:38: error: expected primary-expression before 'double'./../../include/wx/ogl/misc.h:95: error: expected initializer before '*' token
./../../include/wx/ogl/misc.h:96: error: expected initializer before '*' token
./../../include/wx/ogl/misc.h:97: error: expected initializer before '*' tokenIn file included from ./../../include/wx/ogl/ogl.h:36,
                 from ./canvas.cpp:35:
./../../include/wx/ogl/drawnp.h:53: error: function definition does not declare parameters
./../../include/wx/ogl/drawnp.h:91: error: function definition does not declare parameters
./../../include/wx/ogl/drawnp.h:116: error: function definition does not declare parameters
./../../include/wx/ogl/drawnp.h:141: error: function definition does not declare parameters
./../../include/wx/ogl/misc.h:38: error: expected primary-expression before 'double'
./../../include/wx/ogl/misc.h:38: error: expected primary-expression before 'double'
./../../include/wx/ogl/misc.h:41: error: two or more data types in declaration of 'oglGetCentredTextExtent'
./../../include/wx/ogl/misc.h:98: error: expected initializer before '*' token
./../../include/wx/ogl/misc.h:41: error: 'wxDC' was not declared in this scope
./../../include/wx/ogl/misc.h:41: error: 'dc' was not declared in this scope

./../../include/wx/ogl/drawnp.h:174: error: function definition does not declare parameters
In file included from ./../../include/wx/ogl/ogl.h:37,
                 from ./canvas.cpp:35:
./../../include/wx/ogl/mfutils.h:363: error: function definition does not declare parameters
./../../include/wx/ogl/mfutils.h:386: error: function definition does not declare parameters
./../../include/wx/ogl/misc.h:100: error: expected initializer before '*' token
./../../include/wx/ogl/misc.h:102: error: expected initializer before 'oglColourToHex'
./../../include/wx/ogl/misc.h:103: error: expected initializer before 'oglHexToColour'
./../../include/wx/ogl/misc.h:104: error: two or more data types in declaration of 'oglDecToHex'
./../../include/wx/ogl/misc.h:105: error: two or more data types in declaration of 'oglHexToDec'
In file included from ./divided.cpp:27:
./../../include/wx/ogl/ogl.h:41: error: two or more data types in declaration of 'wxOGLInitialize'
In file included from ./../../include/wx/ogl/ogl.h:38,
                 from ./canvas.cpp:35:
./../../include/wx/ogl/misc.h:18: error: 'wxList' does not name a type
./../../include/wx/ogl/misc.h:27: error: two or more data types in declaration of 'oglCentreText'
./../../include/wx/ogl/misc.h:27: error: 'wxDC' was not declared in this scope
./../../include/wx/ogl/misc.h:27: error: 'dc' was not declared in this scope
./../../include/wx/ogl/misc.h:27: error: 'wxList' was not declared in this scope./../../include/wx/ogl/misc.h:41: error: 'wxList' was not declared in this scope
./../../include/wx/ogl/misc.h:27: error: 'text' was not declared in this scope
./../../include/wx/ogl/misc.h:41: error: 'text_list' was not declared in this scope
./../../include/wx/ogl/misc.h:42: error: expected primary-expression before 'double'

./../../include/wx/ogl/misc.h:42: error: expected primary-expression before 'double'./../../include/wx/ogl/ogl.h:42: error: two or more data types in declaration of 'wxOGLCleanUp'
./divided.cpp:31: error: invalid use of incomplete type 'struct wxControlPoint'
./../../include/wx/ogl/misc.h:27: error: expected primary-expression before 'double'
./../../include/wx/ogl/misc.h:27: error: expected primary-expression before 'double'
./../../include/wx/ogl/misc.h:28: error: expected primary-expression before 'double'
./../../include/wx/ogl/misc.h:28: error: expected primary-expression before 'double'
./../../include/wx/ogl/misc.h:29: error: expected primary-expression before 'int'
./../../include/wx/ogl/misc.h:33: error: expected initializer before '*' token
./../../include/wx/ogl/misc.h:37: error: two or more data types in declaration of 'oglCentreTextNoClipping'
./../../include/wx/ogl/misc.h:37: error: 'wxDC' was not declared in this scope

./../../include/wx/ogl/misc.h:42: error: expected primary-expression before 'double'
./../../include/wx/ogl/misc.h:42: error: expected primary-expression before 'double'./../../include/wx/ogl/misc.h:37: error: 'dc' was not declared in this scope
./../../include/wx/ogl/misc.h:37: error: 'wxList' was not declared in this scope
./../../include/wx/ogl/basic.h:112: error: forward declaration of 'struct wxControlPoint'
./divided.cpp:32: error: ISO C++ forbids declaration of 'DECLARE_DYNAMIC_CLASS' with no type
./divided.cpp:33: error: expected ';' before 'private'

./../../include/wx/ogl/misc.h:37: error: 'text_list' was not declared in this scope./divided.cpp:37: error: 'wxShape' is not a type

./../../include/wx/ogl/misc.h:43: error: expected primary-expression before 'double'
./divided.cpp: In constructor 'wxDividedShapeControlPoint::wxDividedShapeControlPoint()':
./divided.cpp:36: error: 'regionId' was not declared in this scope
./../../include/wx/ogl/misc.h:38: error: expected primary-expression before 'double'
./../../include/wx/ogl/misc.h:38: error: expected primary-expression before 'double'

./../../include/wx/ogl/misc.h:38: error: expected primary-expression before 'double'
./divided.cpp: At global scope:
./divided.cpp:53: error: expected constructor, destructor, or type conversion before 'IMPLEMENT_DYNAMIC_CLASS'./../../include/wx/ogl/misc.h:38: error: expected primary-expression before 'double'
./../../include/wx/ogl/misc.h:41: error: two or more data types in declaration of 'oglGetCentredTextExtent'
./../../include/wx/ogl/misc.h:41: error: 'wxDC' was not declared in this scope
./../../include/wx/ogl/misc.h:41: error: 'dc' was not declared in this scope
./divided.cpp:60: error: expected constructor, destructor, or type conversion before '::' token
./divided.cpp:64: error: 'wxDividedShape' has not been declared

./../../include/wx/ogl/misc.h:43: error: expected primary-expression before 'double'
./../../include/wx/ogl/misc.h:46: error: two or more data types in declaration of 'oglDrawFormattedText'./divided.cpp:64: error: variable or field 'OnDraw' declared void
./../../include/wx/ogl/misc.h:41: error: 'wxList' was not declared in this scope./divided.cpp:64: error: 'wxDC' was not declared in this scope
./divided.cpp:64: error: 'dc' was not declared in this scope
./../../include/wx/ogl/misc.h:41: error: 'text_list' was not declared in this scope
./../../include/wx/ogl/misc.h:42: error: expected primary-expression before 'double'
./../../include/wx/ogl/misc.h:42: error: expected primary-expression before 'double'

./../../include/wx/ogl/misc.h:46: error: 'wxDC' was not declared in this scope./divided.cpp:69: error: 'wxDividedShape' has not been declared
./divided.cpp:69: error: variable or field 'OnDrawContents' declared void
./divided.cpp:69: error: 'wxDC' was not declared in this scope
./divided.cpp:69: error: 'dc' was not declared in this scope
./../../include/wx/ogl/misc.h:42: error: expected primary-expression before 'double'

./mfutils.cpp:83: error: expected constructor, destructor, or type conversion before '::' token
./mfutils.cpp:89: error: 'wxXMetaFile' has not been declared

./../../include/wx/ogl/misc.h:46: error: 'context' was not declared in this scope./mfutils.cpp:89: error: expected ',' or '...' before '*' token
./mfutils.cpp:89: error: ISO C++ forbids declaration of 'wxXMetaFile' with no type./../../include/wx/ogl/misc.h:42: error: expected primary-expression before 'double'
./../../include/wx/ogl/misc.h:43: error: expected primary-expression before 'double'
./../../include/wx/ogl/misc.h:43: error: expected primary-expression before 'double'
./../../include/wx/ogl/misc.h:46: error: two or more data types in declaration of 'oglDrawFormattedText'

./mfutils.cpp:89: error: ISO C++ forbids declaration of 'wxChar' with no type
./../../include/wx/ogl/misc.h:46: error: 'wxDC' was not declared in this scope
./mfutils.cpp: In function 'int wxXMetaFile(int)':
./mfutils.cpp:91: error: 'ok' was not declared in this scope
./mfutils.cpp:92: error: 'top' was not declared in this scope./../../include/wx/ogl/misc.h:46: error: 'context' was not declared in this scope


./../../include/wx/ogl/misc.h:46: error: 'wxList' was not declared in this scope./../../include/wx/ogl/misc.h:46: error: 'wxList' was not declared in this scope
./mfutils.cpp:93: error: 'bottom' was not declared in this scope
./mfutils.cpp:94: error: 'left' was not declared in this scope
./../../include/wx/ogl/misc.h:46: error: 'text_list' was not declared in this scope
./../../include/wx/ogl/misc.h:47: error: expected primary-expression before 'double'

./../../include/wx/ogl/misc.h:47: error: expected primary-expression before 'double'
./../../include/wx/ogl/misc.h:46: error: 'text_list' was not declared in this scope./../../include/wx/ogl/misc.h:47: error: expected primary-expression before 'double'
./../../include/wx/ogl/misc.h:47: error: expected primary-expression before 'double'./mfutils.cpp:95: error: 'right' was not declared in this scope


./../../include/wx/ogl/misc.h:47: error: expected primary-expression before 'double'./../../include/wx/ogl/misc.h:48: error: expected primary-expression before 'int'./mfutils.cpp:97: error: 'file' was not declared in this scope
./../../include/wx/ogl/misc.h:51: error: two or more data types in declaration of 'oglFindPolylineCentroid'
./../../include/wx/ogl/misc.h:47: error: expected primary-expression before 'double'

./../../include/wx/ogl/misc.h:51: error: 'wxList' was not declared in this scope
./../../include/wx/ogl/misc.h:51: error: 'points' was not declared in this scope
./../../include/wx/ogl/misc.h:51: error: expected primary-expression before 'double'
./../../include/wx/ogl/misc.h:51: error: expected primary-expression before 'double'
./../../include/wx/ogl/misc.h:55: error: two or more data types in declaration of 'oglCheckLineIntersection'
./../../include/wx/ogl/misc.h:47: error: expected primary-expression before 'double'
./../../include/wx/ogl/misc.h:47: error: expected primary-expression before 'double'
./../../include/wx/ogl/misc.h:48: error: expected primary-expression before 'int'
./../../include/wx/ogl/misc.h:51: error: two or more data types in declaration of 'oglFindPolylineCentroid'./mfutils.cpp:98: error: 'ReadFile' was not declared in this scope

./../../include/wx/ogl/misc.h:51: error: 'wxList' was not declared in this scope
./mfutils.cpp: At global scope:
./mfutils.cpp:130: error: expected initializer before '*' token
./../../include/wx/ogl/misc.h:51: error: 'points' was not declared in this scope
./../../include/wx/ogl/misc.h:51: error: expected primary-expression before 'double'
./../../include/wx/ogl/misc.h:51: error: expected primary-expression before 'double'
./../../include/wx/ogl/misc.h:55: error: two or more data types in declaration of 'oglCheckLineIntersection'
./../../include/wx/ogl/misc.h:58: error: two or more data types in declaration of 'oglFindEndForPolyline'

./../../include/wx/ogl/misc.h:58: error: two or more data types in declaration of 'oglFindEndForPolyline'./../../include/wx/ogl/misc.h:64: error: two or more data types in declaration of 'oglFindEndForBox'
./../../include/wx/ogl/misc.h:69: error: two or more data types in declaration of 'oglFindEndForCircle'
./../../include/wx/ogl/misc.h:64: error: two or more data types in declaration of 'oglFindEndForBox'
./../../include/wx/ogl/misc.h:69: error: two or more data types in declaration of 'oglFindEndForCircle'
./../../include/wx/ogl/misc.h:75: error: two or more data types in declaration of 'oglGetArrowPoints'
./mfutils.cpp: In function 'void DeleteMetaRecordHandle(int)':
./mfutils.cpp:135: error: 'HandleTable' was not declared in this scope
./mfutils.cpp: At global scope:
./mfutils.cpp:138: error: 'wxMetaRecord' was not declared in this scope
./../../include/wx/ogl/misc.h:75: error: two or more data types in declaration of 'oglGetArrowPoints'
./../../include/wx/ogl/misc.h:89: error: two or more data types in declaration of 'oglDrawArcToEllipse'
./../../include/wx/ogl/misc.h:91: error: two or more data types in declaration of 'oglRoughlyEqual'
./../../include/wx/ogl/misc.h:93: error: expected initializer before '*' token

./../../include/wx/ogl/misc.h:89: error: two or more data types in declaration of 'oglDrawArcToEllipse'
./../../include/wx/ogl/misc.h:94: error: expected initializer before '*' token
./../../include/wx/ogl/misc.h:91: error: two or more data types in declaration of 'oglRoughlyEqual'
./../../include/wx/ogl/misc.h:93: error: expected initializer before '*' token
./../../include/wx/ogl/misc.h:94: error: expected initializer before '*' token
./../../include/wx/ogl/misc.h:95: error: expected initializer before '*' token
./../../include/wx/ogl/misc.h:96: error: expected initializer before '*' token
./../../include/wx/ogl/misc.h:97: error: expected initializer before '*' token
./../../include/wx/ogl/misc.h:98: error: expected initializer before '*' token
./../../include/wx/ogl/misc.h:100: error: expected initializer before '*' token./mfutils.cpp:138: error: 'record' was not declared in this scope./../../include/wx/ogl/misc.h:95: error: expected initializer before '*' token

./mfutils.cpp:139: error: expected ',' or ';' before '{' token

./../../include/wx/ogl/misc.h:102: error: expected initializer before 'oglColourToHex'
./../../include/wx/ogl/misc.h:103: error: expected initializer before 'oglHexToColour'
./../../include/wx/ogl/misc.h:96: error: expected initializer before '*' token./../../include/wx/ogl/misc.h:104: error: two or more data types in declaration of 'oglDecToHex'

./../../include/wx/ogl/misc.h:105: error: two or more data types in declaration of 'oglHexToDec'./../../include/wx/ogl/misc.h:97: error: expected initializer before '*' token
./../../include/wx/ogl/misc.h:98: error: expected initializer before '*' token
./../../include/wx/ogl/misc.h:100: error: expected initializer before '*' token
./../../include/wx/ogl/misc.h:102: error: expected initializer before 'oglColourToHex'
./../../include/wx/ogl/misc.h:103: error: expected initializer before 'oglHexToColour'
./../../include/wx/ogl/misc.h:104: error: two or more data types in declaration of 'oglDecToHex'
In file included from ./canvas.cpp:35:
./../../include/wx/ogl/ogl.h:41: error: two or more data types in declaration of 'wxOGLInitialize'
./../../include/wx/ogl/misc.h:105: error: two or more data types in declaration of 'oglHexToDec'
./../../include/wx/ogl/ogl.h:42: error: two or more data types in declaration of 'wxOGLCleanUp'
In file included from ./basic2.cpp:35:
./../../include/wx/ogl/ogl.h:41: error: two or more data types in declaration of 'wxOGLInitialize'

./canvas.cpp:50: error: 'wxScrolledWindow' has not been declared./../../include/wx/ogl/ogl.h:42: error: two or more data types in declaration of 'wxOGLCleanUp'
./basic2.cpp:50: error: expected constructor, destructor, or type conversion before '(' token

./canvas.cpp:52: error: expected constructor, destructor, or type conversion before 'BEGIN_EVENT_TABLE'./basic2.cpp:58: error: 'wxPolygonShape' is not a class or namespace
./canvas.cpp:60: error: expected constructor, destructor, or type conversion before '(' token
./canvas.cpp:77: error: invalid use of incomplete type 'struct wxShapeCanvas'

./../../include/wx/ogl/basic.h:110: error: forward declaration of 'struct wxShapeCanvas'
./basic2.cpp:58: error: variable or field 'Create' declared void./canvas.cpp:81: error: invalid use of incomplete type 'struct wxShapeCanvas'
./basic2.cpp:58: error: 'wxList' was not declared in this scope

./basic2.cpp:58: error: 'the_points' was not declared in this scope./../../include/wx/ogl/basic.h:110: error: forward declaration of 'struct wxShapeCanvas'
./canvas.cpp:81: error: 'wxPaintEvent' was not declared in this scope

./canvas.cpp:81: error: 'event' was not declared in this scopegmake[2]: *** [ogldll_divided.o] ÐžÑˆÐ¸Ð±ÐºÐ° 1
gmake[2]: *** ÐžÐ¶Ð¸Ð´Ð°Ð½Ð¸Ðµ Ð·Ð°Ð²ÐµÑ€ÑˆÐµÐ½Ð¸Ñ Ð·Ð°Ð´Ð°Ð½Ð¸Ð¹...

./canvas.cpp:81: error: 'WXUNUSED' was not declared in this scope
./canvas.cpp:94: error: invalid use of incomplete type 'struct wxShapeCanvas'
./../../include/wx/ogl/basic.h:110: error: forward declaration of 'struct wxShapeCanvas'
./canvas.cpp:94: error: 'wxMouseEvent' was not declared in this scope
./canvas.cpp:94: error: 'event' was not declared in this scope
gmake[2]: *** [ogldll_mfutils.o] ÐžÑˆÐ¸Ð±ÐºÐ° 1
gmake[2]: *** [ogldll_basic2.o] ÐžÑˆÐ¸Ð±ÐºÐ° 1
gmake[2]: *** [ogldll_canvas.o] ÐžÑˆÐ¸Ð±ÐºÐ° 1
gmake[2]: Ð’Ñ‹Ñ…Ð¾Ð´ Ð¸Ð· ÐºÐ°Ñ‚Ð°Ð»Ð¾Ð³Ð° `/usr/ports/x11-toolkits/wxgtk28-contrib/work/wxGTK-2.8.12/contrib/src/ogl'
gmake[2]: Ð’Ñ…Ð¾Ð´ Ð² ÐºÐ°Ñ‚Ð°Ð»Ð¾Ð³ `/usr/ports/x11-toolkits/wxgtk28-contrib/work/wxGTK-2.8.12/contrib/src/plot'
/usr/ports/x11-toolkits/wxgtk28-contrib/work/wxGTK-2.8.12/bk-make-pch ./.pch/wxprec_plotdll/wx/wxprec.h.gch wx/wxprec.h c++ -I./.pch/wxprec_plotdll -D__WXGTK__     -DWXBUILDING -I./../../include -DWXUSINGDLL -DWXMAKINGDLL_PLOT -fPIC -DPIC  -O2 -pipe -fno-strict-aliasing 
error: can't find header wx/wxprec.h in include paths
/usr/ports/x11-toolkits/wxgtk28-contrib/work/wxGTK-2.8.12/bk-deps c++ -c -o plotdll_plot.o -I./.pch/wxprec_plotdll -D__WXGTK__     -DWXBUILDING -I./../../include -DWXUSINGDLL -DWXMAKINGDLL_PLOT -fPIC -DPIC  -O2 -pipe -fno-strict-aliasing  ./plot.cpp
./plot.cpp:13:23: error: wx/wxprec.h: No such file or directory
./plot.cpp:20:23: error: wx/object.h: No such file or directory
./plot.cpp:21:21: error: wx/font.h: No such file or directory
./plot.cpp:22:23: error: wx/colour.h: No such file or directory
./plot.cpp:23:25: error: wx/settings.h: No such file or directory
./plot.cpp:24:22: error: wx/sizer.h: No such file or directory
./plot.cpp:25:20: error: wx/log.h: No such file or directory
./plot.cpp:26:21: error: wx/intl.h: No such file or directory
./plot.cpp:27:25: error: wx/dcclient.h: No such file or directory
./plot.cpp:28:25: error: wx/stattext.h: No such file or directory
In file included from ./plot.cpp:31:
./../../include/wx/plot/plot.h:15:21: error: wx/defs.h: No such file or directory
./../../include/wx/plot/plot.h:17:25: error: wx/dynarray.h: No such file or directory
./../../include/wx/plot/plot.h:18:22: error: wx/event.h: No such file or directory
./../../include/wx/plot/plot.h:19:20: error: wx/pen.h: No such file or directory
./../../include/wx/plot/plot.h:20:25: error: wx/scrolwin.h: No such file or directory
./plot.cpp:32:25: error: wx/bmpbuttn.h: No such file or directory
./plot.cpp:33:23: error: wx/module.h: No such file or directory
./plot.cpp:125:26: error: wx/arrimpl.cpp: No such file or directory
In file included from ./plot.cpp:31:
./../../include/wx/plot/plot.h:37: error: aggregate 'WXEXPORT wxPlotEvent' has incomplete type and cannot be defined
./../../include/wx/plot/plot.h:38: error: aggregate 'WXEXPORT wxPlotCurve' has incomplete type and cannot be defined
./../../include/wx/plot/plot.h:39: error: aggregate 'WXEXPORT wxPlotValues' has incomplete type and cannot be defined
./../../include/wx/plot/plot.h:40: error: aggregate 'WXEXPORT wxPlotArea' has incomplete type and cannot be defined
./../../include/wx/plot/plot.h:41: error: aggregate 'WXEXPORT wxPlotXAxisArea' has incomplete type and cannot be defined
./../../include/wx/plot/plot.h:42: error: aggregate 'WXEXPORT wxPlotYAxisArea' has incomplete type and cannot be defined
./../../include/wx/plot/plot.h:43: error: aggregate 'WXEXPORT wxPlotWindow' has incomplete type and cannot be defined
./../../include/wx/plot/plot.h:44: error: aggregate 'WXDLLIMPEXP_CORE wxStaticText' has incomplete type and cannot be defined
./../../include/wx/plot/plot.h:51: error: expected constructor, destructor, or type conversion before 'DECLARE_EXPORTED_EVENT_TYPE'
gmake[2]: *** [plotdll_plot.o] ÐžÑˆÐ¸Ð±ÐºÐ° 1
gmake[2]: Ð’Ñ‹Ñ…Ð¾Ð´ Ð¸Ð· ÐºÐ°Ñ‚Ð°Ð»Ð¾Ð³Ð° `/usr/ports/x11-toolkits/wxgtk28-contrib/work/wxGTK-2.8.12/contrib/src/plot'
gmake[2]: Ð’Ñ…Ð¾Ð´ Ð² ÐºÐ°Ñ‚Ð°Ð»Ð¾Ð³ `/usr/ports/x11-toolkits/wxgtk28-contrib/work/wxGTK-2.8.12/contrib/src/stc'
/usr/ports/x11-toolkits/wxgtk28-contrib/work/wxGTK-2.8.12/bk-deps c++ -c -o stcdll_PlatWX.o -D__WXGTK__     -DWXBUILDING -I./../../include -I./scintilla/include -I./scintilla/src -D__WX__ -DSCI_LEXER -DLINK_LEXERS -DWXUSINGDLL -DWXMAKINGDLL_STC -fPIC -DPIC  -O2 -pipe -fno-strict-aliasing  ./PlatWX.cpp
/usr/ports/x11-toolkits/wxgtk28-contrib/work/wxGTK-2.8.12/bk-deps c++ -c -o stcdll_ScintillaWX.o -D__WXGTK__     -DWXBUILDING -I./../../include -I./scintilla/include -I./scintilla/src -D__WX__ -DSCI_LEXER -DLINK_LEXERS -DWXUSINGDLL -DWXMAKINGDLL_STC -fPIC -DPIC  -O2 -pipe -fno-strict-aliasing  ./ScintillaWX.cpp
/usr/ports/x11-toolkits/wxgtk28-contrib/work/wxGTK-2.8.12/bk-deps c++ -c -o stcdll_stc.o -D__WXGTK__     -DWXBUILDING -I./../../include -I./scintilla/include -I./scintilla/src -D__WX__ -DSCI_LEXER -DLINK_LEXERS -DWXUSINGDLL -DWXMAKINGDLL_STC -fPIC -DPIC  -O2 -pipe -fno-strict-aliasing  ./stc.cpp
/usr/ports/x11-toolkits/wxgtk28-contrib/work/wxGTK-2.8.12/bk-deps c++ -c -o stcdll_DocumentAccessor.o -D__WXGTK__     -DWXBUILDING -I./../../include -I./scintilla/include -I./scintilla/src -D__WX__ -DSCI_LEXER -DLINK_LEXERS -DWXUSINGDLL -DWXMAKINGDLL_STC -fPIC -DPIC  -O2 -pipe -fno-strict-aliasing  ./scintilla/src/DocumentAccessor.cxx
./PlatWX.cpp:9:19: ./stc.cpp:20:19: error: error: wx/wx.h: No such file or directorywx/wx.h: No such file or directory

./stc.cpp:21:24:./PlatWX.cpp:10:24: error: wx/encconv.h: No such file or directory
 ./PlatWX.cpp:11:25: error: wx/listctrl.h: No such file or directory
error: wx/tokenzr.h: No such file or directory./PlatWX.cpp:12:24: error: wx/mstream.h: No such file or directory

./PlatWX.cpp:13:22:./stc.cpp:22:24:  error: wx/mstream.h: No such file or directory
error: ./stc.cpp:23:22:wx/image.h: No such file or directory
 error: ./PlatWX.cpp:14:25: error: wx/imaglist.h: No such file or directorywx/image.h: No such file or directory
./stc.cpp:24:21: error: wx/file.h: No such file or directory

./PlatWX.cpp:15:24: error: wx/tokenzr.h: No such file or directory
In file included from ./stc.cpp:26:
./../../include/wx/stc/stc.h:24:19: error: wx/wx.h: No such file or directory
./../../include/wx/stc/stc.h:25:20:In file included from ./PlatWX.cpp:26:
 ./../../include/wx/stc/stc.h:24:19: error: wx/wx.h: No such file or directoryerror: wx/dnd.h: No such file or directory

./../../include/wx/stc/stc.h:25:20: error: wx/dnd.h: No such file or directory
./ScintillaWX.cpp:17:19: error: wx/wx.h: No such file or directory
./ScintillaWX.cpp:18:24: error: wx/textbuf.h: No such file or directory
./ScintillaWX.cpp:19:24: error: wx/dataobj.h: No such file or directory
./ScintillaWX.cpp:20:24: error: wx/clipbrd.h: No such file or directory
./ScintillaWX.cpp:21:20: error: wx/dnd.h: No such file or directory
In file included from ./PlatWX.cpp:25:
./PlatWX.h:5: error: 'wxRect' does not name a type
./PlatWX.h:6: error: 'wxRect' was not declared in this scope
./PlatWX.h:7: error: 'wxColour' does not name a type
In file included from ./PlatWX.cpp:26:
./../../include/wx/stc/stc.h:1803: error: expected initializer before 'const'
./../../include/wx/stc/stc.h:1804: error: aggregate 'WXEXPORT wxStyledTextCtrl' has incomplete type and cannot be defined
./../../include/wx/stc/stc.h:1805: error: aggregate 'WXEXPORT wxStyledTextEvent' has incomplete type and cannot be defined
./../../include/wx/stc/stc.h:1810: error: function definition does not declare parameters
./../../include/wx/stc/stc.h:3403: error: function definition does not declare parameters
./../../include/wx/stc/stc.h:3502: error: expected constructor, destructor, or type conversion before 'DECLARE_EXPORTED_EVENT_TYPE'In file included from ./ScintillaWX.cpp:25:

./../../include/wx/stc/stc.h:24:19:./../../include/wx/stc/stc.h:3605: error: 'wxString' does not name a type error: wx/wx.h: No such file or directory
./../../include/wx/stc/stc.h:25:20:
./../../include/wx/stc/stc.h:3608: error: 'wxString' does not name a type
./../../include/wx/stc/stc.h:3611: error: 'wxWX2MBbuf' does not name a type
 ./PlatWX.cpp:34: error: 'wxRect' does not name a type
./PlatWX.cpp:40: error: redefinition of 'PRectangle PRectangleFromwxRect'
./PlatWX.h:6: error: 'PRectangle PRectangleFromwxRect' previously declared here
error: ./PlatWX.cpp:40: error: 'wxRect' was not declared in this scope
wx/dnd.h: No such file or directory
./ScintillaWX.cpp:94:25:In file included from ./stc.cpp:26:
./../../include/wx/stc/stc.h:1803: error: expected initializer before 'const'./PlatWX.cpp:45: error: 'wxColour' does not name a type
./PlatWX.cpp:52: error: 'wxColour' does not name a type
 
./../../include/wx/stc/stc.h:1804: error: aggregate 'WXEXPORT wxStyledTextCtrl' has incomplete type and cannot be defined
./../../include/wx/stc/stc.h:1805: error: aggregate 'WXEXPORT wxStyledTextEvent' has incomplete type and cannot be defined
./../../include/wx/stc/stc.h:1810: error: function definition does not declare parameters
./../../include/wx/stc/stc.h:3403: error: function definition does not declare parameters
./../../include/wx/stc/stc.h:3502: error: expected constructor, destructor, or type conversion before 'DECLARE_EXPORTED_EVENT_TYPE'error: wx/dcbuffer.h: No such file or directory
./PlatWX.cpp: In member function 'virtual void Font::Create(const char*, int, int, bool, bool, bool)':
./PlatWX.cpp:141: error: 'wxFontEncoding' was not declared in this scope
./PlatWX.cpp:141: error: expected `;' before 'encoding'

./PlatWX.cpp:143: error: 'wxFontEncodingArray' was not declared in this scope./../../include/wx/stc/stc.h:3605: error: 'wxString' does not name a type
./../../include/wx/stc/stc.h:3608: error: 'wxString' does not name a type
./../../include/wx/stc/stc.h:3611: error: 'wxWX2MBbuf' does not name a type

./PlatWX.cpp:143: error: expected `;' before 'ea'
./PlatWX.cpp:144: error: 'ea' was not declared in this scope
./PlatWX.cpp:145: error: 'encoding' was not declared in this scope
./PlatWX.cpp:147: error: 'wxFont' was not declared in this scope
./PlatWX.cpp:147: error: 'font' was not declared in this scope
./PlatWX.cpp:147: error: expected type-specifier before 'wxFont'
./PlatWX.cpp:147: error: expected `;' before 'wxFont'
./PlatWX.cpp: In member function 'virtual void Font::Release()':
./PlatWX.cpp:161: error: 'wxFont' was not declared in this scope
In file included from ./stc.cpp:27:
./ScintillaWX.h:91: error: expected `)' before '*' token
./ScintillaWX.h:129: error: 'wxDC' has not been declared
./PlatWX.cpp:161: error: expected primary-expression before ')' token./ScintillaWX.h:129: error: 'wxRect' has not been declared
./ScintillaWX.h:142: error: expected ',' or '...' before '&' token
./ScintillaWX.h:142: error: ISO C++ forbids declaration of 'wxKeyEvent' with no type
./ScintillaWX.h:144: error: 'wxIdleEvent' has not been declared

./ScintillaWX.h:165: error: 'wxDC' has not been declared./PlatWX.cpp:161: error: expected `;' before 'id'
./PlatWX.cpp: At global scope:
./PlatWX.cpp:169: error: ISO C++ forbids declaration of 'wxDC' with no type
./ScintillaWX.h:172: error: ISO C++ forbids declaration of 'wxStyledTextCtrl' with no type

./ScintillaWX.h:172: error: expected ';' before '*' token
./stc.cpp:31: error: expected initializer before '*' token
./stc.cpp:40: error: expected ',' or '...' before '&' token
./stc.cpp:40: error: ISO C++ forbids declaration of 'wxColour' with no type./PlatWX.cpp:169: error: expected ';' before '*' token
./PlatWX.cpp:171: error: ISO C++ forbids declaration of 'wxBitmap' with no type
./PlatWX.cpp:171: error: expected ';' before '*' token
./PlatWX.cpp: In constructor 'SurfaceImpl::SurfaceImpl()':
./PlatWX.cpp:228: error: class 'SurfaceImpl' does not have any field named 'hdc'

./stc.cpp: In function 'long int wxColourAsLong(int)':
./stc.cpp:41: error: 'co' was not declared in this scope./PlatWX.cpp:228: error: class 'SurfaceImpl' does not have any field named 'bitmap'

./PlatWX.cpp: In member function 'virtual void SurfaceImpl::Init(void*)':
./PlatWX.cpp:245: error: 'NULL' was not declared in this scope./stc.cpp: At global scope:
./stc.cpp:46: error: 'wxColour' does not name a type
./stc.cpp:55: error: 'wxColour' does not name a type
./PlatWX.cpp: In member function 'virtual void SurfaceImpl::Init(void*, void*)':
./PlatWX.cpp:251: error: 'hdc' was not declared in this scope
./PlatWX.cpp:251: error: 'wxDC' was not declared in this scope

./PlatWX.cpp:251: error: expected primary-expression before ')' token./stc.cpp:74: error: expected constructor, destructor, or type conversion before '(' token
./stc.cpp:142: error: 'wxStyledTextCtrl' is not a class or namespace
./stc.cpp:142: error: expected constructor, destructor, or type conversion before '(' token
./stc.cpp:154: error: 'wxStyledTextCtrl' is not a class or namespace

./PlatWX.cpp:251: error: expected `;' before 'hdc_'./stc.cpp:154: error: 'wxWindow' was not declared in this scope

./PlatWX.cpp: At global scope:
./PlatWX.cpp:254: error: expected ',' or '...' before '(' token./stc.cpp:154: error: 'parent' was not declared in this scope
./stc.cpp:155: error: 'wxWindowID' was not declared in this scope
./stc.cpp:156: error: expected primary-expression before 'const'
./stc.cpp:157: error: expected primary-expression before 'const'
In file included from ./ScintillaWX.cpp:23:
./ScintillaWX.h:62: error: aggregate 'WXEXPORT wxStyledTextCtrl' has incomplete type and cannot be defined
./PlatWX.cpp:254: error: prototype for 'void SurfaceImpl::InitPixMap(int, int, Surface*)' does not match any in class 'SurfaceImpl'./stc.cpp:158: error: expected primary-expression before 'long'
./stc.cpp:159: error: expected primary-expression before 'const'
./stc.cpp:159: error: initializer expression list treated as compound expression
./stc.cpp:160: error: expected ',' or ';' before '{' token
./ScintillaWX.h:91: error: expected `)' before '*' token

./PlatWX.cpp:182: error: candidate is: virtual void SurfaceImpl::InitPixMap(int, int, Surface*, void*)./ScintillaWX.h:129: error: 'wxDC' has not been declared
./PlatWX.cpp: In member function 'void SurfaceImpl::InitPixMap(int, int, Surface*)':
./PlatWX.cpp:256: error: 'hdc' was not declared in this scope
./ScintillaWX.h:129: error: 'wxRect' has not been declared
./ScintillaWX.h:142: error: expected ',' or '...' before '&' token
./ScintillaWX.h:142: error: ISO C++ forbids declaration of 'wxKeyEvent' with no type
./ScintillaWX.h:144: error: 'wxIdleEvent' has not been declared
./PlatWX.cpp:256: error: expected type-specifier before 'wxMemoryDC'
./stc.cpp:190: error: expected constructor, destructor, or type conversion before '::' token
./stc.cpp:197: error: 'wxIntPtr' does not name a type
./stc.cpp:205: error: 'wxStyledTextCtrl' is not a class or namespace
./stc.cpp:205: error: variable or field 'SetVScrollBar' declared void
./stc.cpp:205: error: 'wxScrollBar' was not declared in this scope
./PlatWX.cpp:256: error: expected `;' before 'wxMemoryDC'

./stc.cpp:205: error: 'bar' was not declared in this scope./PlatWX.cpp:260: error: 'bitmap' was not declared in this scope
./PlatWX.cpp:260: error: expected type-specifier before 'wxBitmap'
./PlatWX.cpp:260: error: expected `;' before 'wxBitmap'
./PlatWX.cpp:261: error: 'wxMemoryDC' was not declared in this scope
./PlatWX.cpp:261: error: expected primary-expression before ')' token
./PlatWX.cpp:261: error: expected `)' before 'hdc'
./PlatWX.cpp: In member function 'virtual void SurfaceImpl::Release()':
./PlatWX.cpp:266: error: 'bitmap' was not declared in this scope
./PlatWX.cpp:267: error: 'wxMemoryDC' was not declared in this scope
./PlatWX.cpp:267: error: expected primary-expression before ')' token
./PlatWX.cpp:267: error: expected `)' before 'hdc'
./PlatWX.cpp:268: error: type '<type error>' argument given to 'delete', expected pointer
./PlatWX.cpp:272: error: 'hdc' was not declared in this scope
./PlatWX.cpp: In member function 'virtual bool SurfaceImpl::Initialised()':
./PlatWX.cpp:280: error: 'hdc' was not declared in this scope
./PlatWX.cpp: In member function 'virtual void SurfaceImpl::PenColour(ColourAllocated)':
./PlatWX.cpp:285: error: 'hdc' was not declared in this scope
./PlatWX.cpp:285: error: 'wxColourFromCA' was not declared in this scope
./PlatWX.cpp:285: error: 'wxSOLID' was not declared in this scope
./PlatWX.cpp:285: error: 'wxPen' was not declared in this scope
./PlatWX.cpp: In member function 'void SurfaceImpl::BrushColour(ColourAllocated)':
./PlatWX.cpp:289: error: 'hdc' was not declared in this scope
./PlatWX.cpp:289: error: 'wxColourFromCA' was not declared in this scope
./PlatWX.cpp:289: error: 'wxSOLID' was not declared in this scope
./PlatWX.cpp:289: error: 'wxBrush' was not declared in this scope
./PlatWX.cpp: In member function 'void SurfaceImpl::SetFont(Font&)':
./PlatWX.cpp:294: error: 'hdc' was not declared in this scope
./PlatWX.cpp:294: error: 'wxFont' was not declared in this scope
./PlatWX.cpp:294: error: expected primary-expression before ')' token
./PlatWX.cpp:294: error: expected `)' before 'font_'
./PlatWX.cpp: In member function 'virtual int SurfaceImpl::LogPixelsY()':
./PlatWX.cpp:299: error: 'hdc' was not declared in this scope

./PlatWX.cpp: In member function 'virtual void SurfaceImpl::LineTo(int, int)':
./PlatWX.cpp:312: error: 'hdc' was not declared in this scope

./ScintillaWX.h:165: error: 'wxDC' has not been declared./PlatWX.cpp: In member function 'virtual void SurfaceImpl::Polygon(Point*, int, ColourAllocated, ColourAllocated)':
./PlatWX.cpp:320: error: 'hdc' was not declared in this scope

./ScintillaWX.h:172: error: ISO C++ forbids declaration of 'wxStyledTextCtrl' with no type./PlatWX.cpp:320: error: 'wxPoint' was not declared in this scope
./PlatWX.cpp:320: error: expected primary-expression before ')' token
./PlatWX.cpp: In member function 'virtual void SurfaceImpl::RectangleDraw(PRectangle, ColourAllocated, ColourAllocated)':
./PlatWX.cpp:326: error: 'hdc' was not declared in this scope
./PlatWX.cpp:326: error: 'wxRectFromPRectangle' was not declared in this scope
./PlatWX.cpp: In member function 'virtual void SurfaceImpl::FillRectangle(PRectangle, ColourAllocated)':
./PlatWX.cpp:331: error: 'hdc' was not declared in this scope
./PlatWX.cpp:331: error: 'wxTRANSPARENT_PEN' was not declared in this scope
./PlatWX.cpp:332: error: 'wxRectFromPRectangle' was not declared in this scope

./PlatWX.cpp: In member function 'virtual void SurfaceImpl::FillRectangle(PRectangle, Surface&)':
./PlatWX.cpp:336: error: 'wxBrush' was not declared in this scope./ScintillaWX.h:172: error: expected ';' before '*' token

In file included from ./ScintillaWX.cpp:25:
./../../include/wx/stc/stc.h:1803: error: expected initializer before '*' token
./PlatWX.cpp:336: error: expected `;' before 'br'./../../include/wx/stc/stc.h:1805: error: aggregate 'WXEXPORT wxStyledTextEvent' has incomplete type and cannot be defined
./../../include/wx/stc/stc.h:1810: error: function definition does not declare parameters
./../../include/wx/stc/stc.h:3403: error: function definition does not declare parameters

./PlatWX.cpp:337: error: 'class SurfaceImpl' has no member named 'bitmap'./../../include/wx/stc/stc.h:3502: error: expected constructor, destructor, or type conversion before 'DECLARE_EXPORTED_EVENT_TYPE'
./PlatWX.cpp:338: error: 'br' was not declared in this scope
./../../include/wx/stc/stc.h:3605: error: 'wxString' does not name a type
./PlatWX.cpp:338: error: 'class SurfaceImpl' has no member named 'bitmap'
./PlatWX.cpp:340: error: 'br' was not declared in this scope

./PlatWX.cpp:340: error: 'wxRED' was not declared in this scope
./PlatWX.cpp:340: error: 'wxSOLID' was not declared in this scope
./PlatWX.cpp:341: error: 'hdc' was not declared in this scope
./../../include/wx/stc/stc.h:3608: error: 'wxString' does not name a type
./../../include/wx/stc/stc.h:3611: error: 'wxWX2MBbuf' does not name a type./PlatWX.cpp:341: error: 'wxTRANSPARENT_PEN' was not declared in this scope
In file included from ./ScintillaWX.cpp:26:
./PlatWX.h:5: error: 'wxRect' does not name a type

./PlatWX.cpp:342: error: 'br' was not declared in this scope
./PlatWX.h:6: error: 'wxRect' was not declared in this scope./PlatWX.cpp:343: error: 'wxRectFromPRectangle' was not declared in this scope
./PlatWX.cpp: In member function 'virtual void SurfaceImpl::RoundedRectangle(PRectangle, ColourAllocated, ColourAllocated)':
./PlatWX.cpp:349: error: 'hdc' was not declared in this scope
./PlatWX.cpp:349: error: 'wxRectFromPRectangle' was not declared in this scope
./PlatWX.cpp: In member function 'virtual void SurfaceImpl::AlphaRectangle(PRectangle, int, ColourAllocated, int, ColourAllocated, int, int)':
./PlatWX.cpp:436: error: 'wxUnusedVar' was not declared in this scope
./PlatWX.cpp: In member function 'virtual void SurfaceImpl::Ellipse(PRectangle, ColourAllocated, ColourAllocated)':
./PlatWX.cpp:447: error: 'hdc' was not declared in this scope
./PlatWX.cpp:447: error: 'wxRectFromPRectangle' was not declared in this scope
./PlatWX.cpp: In member function 'virtual void SurfaceImpl::Copy(PRectangle, Point, Surface&)':
./PlatWX.cpp:451: error: 'wxRect' was not declared in this scope
./PlatWX.h:7: error: 'wxColour' does not name a type

./ScintillaWX.cpp:36: error: expected class-name before '{' token./PlatWX.cpp:451: error: expected `;' before 'r'
gmake[2]: *** [stcdll_stc.o] ÐžÑˆÐ¸Ð±ÐºÐ° 1
gmake[2]: *** ÐžÐ¶Ð¸Ð´Ð°Ð½Ð¸Ðµ Ð·Ð°Ð²ÐµÑ€ÑˆÐµÐ½Ð¸Ñ Ð·Ð°Ð´Ð°Ð½Ð¸Ð¹...

./PlatWX.cpp:452: error: 'hdc' was not declared in this scope
./PlatWX.cpp:452: error: 'r' was not declared in this scope
./ScintillaWX.cpp:96: error: expected class-name before '{' token./PlatWX.cpp:453: error: 'class SurfaceImpl' has no member named 'hdc'

./ScintillaWX.cpp:98: error: expected `)' before '*' token./PlatWX.cpp:454: error: 'wxCOPY' was not declared in this scope

./ScintillaWX.cpp:126: error: 'wxPaintEvent' has not been declared
./PlatWX.cpp: In member function 'virtual void SurfaceImpl::DrawTextNoClip(PRectangle, Font&, int, const char*, int, ColourAllocated, ColourAllocated)':
./PlatWX.cpp:461: error: 'hdc' was not declared in this scope
./ScintillaWX.cpp:126: error: expected ',' or '...' before '(' token
./PlatWX.cpp:461: error: 'wxColourFromCA' was not declared in this scope./ScintillaWX.cpp:136: error: 'wxFocusEvent' has not been declared
./ScintillaWX.cpp:142: error: 'wxMouseEvent' has not been declared
./PlatWX.cpp:467: error: 'stc2wx' was not declared in this scope

./ScintillaWX.cpp:184: error: 'wxPoint' does not name a type
./PlatWX.cpp: In member function 'virtual void SurfaceImpl::DrawTextClipped(PRectangle, Font&, int, const char*, int, ColourAllocated, ColourAllocated)':
./PlatWX.cpp:474: error: 'hdc' was not declared in this scope
./PlatWX.cpp:474: error: 'wxColourFromCA' was not declared in this scope
./ScintillaWX.cpp:193: error: ISO C++ forbids declaration of 'DECLARE_EVENT_TABLE' with no type
./ScintillaWX.cpp:194: error: expected ';' before '}' token
./ScintillaWX.cpp:194: error: expected `;' before '}' token./PlatWX.cpp:477: error: 'wxRectFromPRectangle' was not declared in this scope
./PlatWX.cpp:480: error: 'stc2wx' was not declared in this scope

./ScintillaWX.cpp:152: error: 'wxSIZE_AUTO' was not declared in this scope
./PlatWX.cpp: In member function 'virtual void SurfaceImpl::DrawTextTransparent(PRectangle, Font&, int, const char*, int, ColourAllocated)':
./PlatWX.cpp:490: error: 'hdc' was not declared in this scope
./ScintillaWX.cpp: In member function 'void wxSTCCallTip::OnPaint(int&)':
./ScintillaWX.cpp:128: error: 'wxBufferedPaintDC' was not declared in this scope./PlatWX.cpp:490: error: 'wxColourFromCA' was not declared in this scope
./PlatWX.cpp:491: error: 'wxTRANSPARENT' was not declared in this scope
./PlatWX.cpp:495: error: 'stc2wx' was not declared in this scope

./PlatWX.cpp:497: error: 'wxSOLID' was not declared in this scope
./ScintillaWX.cpp:128: error: expected `;' before 'dc'
./PlatWX.cpp: In member function 'virtual void SurfaceImpl::MeasureWidths(Font&, const char*, int, int*)':
./PlatWX.cpp:503: error: 'wxString' was not declared in this scope
./ScintillaWX.cpp:130: error: 'dc' was not declared in this scope
./PlatWX.cpp:503: error: expected `;' before 'str'
./ScintillaWX.cpp: In member function 'void wxSTCCallTip::OnFocus(int&)':
./ScintillaWX.cpp:138: error: 'GetParent' was not declared in this scope./PlatWX.cpp:504: error: 'wxArrayInt' was not declared in this scope
./PlatWX.cpp:504: error: expected `;' before 'tpos'
./PlatWX.cpp:508: error: 'hdc' was not declared in this scope
./PlatWX.cpp:508: error: 'str' was not declared in this scope
./PlatWX.cpp:508: error: 'tpos' was not declared in this scope

./PlatWX.cpp:535: error: 'memcpy' was not declared in this scope./ScintillaWX.cpp:139: error: request for member 'Skip' in 'event', which is of non-class type 'int'

./ScintillaWX.cpp: In member function 'void wxSTCCallTip::OnLeftDown(int&)':
./ScintillaWX.cpp:144: error: 'wxPoint' was not declared in this scope
./ScintillaWX.cpp:144: error: expected `;' before 'pt'
./ScintillaWX.cpp:145: error: 'pt' was not declared in this scope./PlatWX.cpp: In member function 'virtual int SurfaceImpl::WidthText(Font&, const char*, int)':
./PlatWX.cpp:546: error: 'hdc' was not declared in this scope
./PlatWX.cpp:546: error: 'stc2wx' was not declared in this scope

./PlatWX.cpp: In member function 'virtual int SurfaceImpl::WidthChar(Font&, char)':
./PlatWX.cpp:557: error: 'hdc' was not declared in this scope
./PlatWX.cpp:557: error: 'stc2wx' was not declared in this scope
./ScintillaWX.cpp: In member function 'virtual void wxSTCCallTip::DoSetSize(int, int, int, int, int)':
./ScintillaWX.cpp:155: error: 'wxDefaultCoord' was not declared in this scope
./ScintillaWX.cpp:157: error: 'GetParent' was not declared in this scope
./ScintillaWX.cpp:159: error: 'wxDefaultCoord' was not declared in this scope
./PlatWX.cpp: In member function 'virtual int SurfaceImpl::Ascent(Font&)':
./PlatWX.cpp:566: error: 'hdc' was not declared in this scope./ScintillaWX.cpp:161: error: 'GetParent' was not declared in this scope
./PlatWX.cpp:566: error: 'wxT' was not declared in this scope

./ScintillaWX.cpp:163: error: 'wxFrame' has not been declared
./PlatWX.cpp: In member function 'virtual int SurfaceImpl::Descent(Font&)':
./PlatWX.cpp:574: error: 'hdc' was not declared in this scope
./PlatWX.cpp:574: error: 'wxT' was not declared in this scope
./ScintillaWX.cpp: In member function 'virtual bool wxSTCCallTip::Show(bool)':
./ScintillaWX.cpp:172: error: 'wxFrame' has not been declared
./PlatWX.cpp: At global scope:
./PlatWX.cpp:578: error: expected ',' or '...' before '(' token./ScintillaWX.cpp:175: error: 'wxTopLevelWindow' was not declared in this scope
./ScintillaWX.cpp:175: error: 'frame' was not declared in this scope
./ScintillaWX.cpp:176: error: 'GetParent' was not declared in this scope

./ScintillaWX.cpp:176: error: 'wxGetTopLevelParent' was not declared in this scope
./ScintillaWX.cpp:176: error: 'wxDynamicCast' was not declared in this scope
./PlatWX.cpp: In member function 'virtual int SurfaceImpl::ExternalLeading(Font&)':
./PlatWX.cpp:585: error: 'hdc' was not declared in this scope
./PlatWX.cpp:585: error: 'wxT' was not declared in this scope
./ScintillaWX.cpp: At global scope:
./ScintillaWX.cpp:196: error: 'wxFrame' has not been declared
./PlatWX.cpp: In member function 'virtual int SurfaceImpl::Height(Font&)':
./PlatWX.cpp:591: error: 'hdc' was not declared in this scope./ScintillaWX.cpp:197: error: expected constructor, destructor, or type conversion before 'EVT_PAINT'
./PlatWX.cpp: In member function 'virtual int SurfaceImpl::AverageCharWidth(Font&)':
./PlatWX.cpp:596: error: 'hdc' was not declared in this scope
./PlatWX.cpp: At global scope:
./PlatWX.cpp:599: error: expected ',' or '...' before '(' token

./PlatWX.cpp:599: error: prototype for 'int SurfaceImpl::SetPalette(Palette*)' does not match any in class 'SurfaceImpl'
./PlatWX.cpp:214: error: candidate is: virtual int SurfaceImpl::SetPalette(Palette*, bool)
./PlatWX.cpp: In member function 'virtual void SurfaceImpl::SetClip(PRectangle)':
./PlatWX.cpp:604: error: 'hdc' was not declared in this scope
./PlatWX.cpp:604: error: 'wxRectFromPRectangle' was not declared in this scope
./ScintillaWX.cpp: In member function 'virtual bool ScintillaWX::SetIdle(bool)':
./ScintillaWX.cpp:332: error: 'stc' was not declared in this scope
./ScintillaWX.cpp:332: error: 'wxID_ANY' was not declared in this scope
./PlatWX.cpp: At global scope:
./PlatWX.cpp:614: error: expected ',' or '...' before '(' token./ScintillaWX.cpp:332: error: 'wxEVT_IDLE' was not declared in this scope
./ScintillaWX.cpp:333: error: 'wxObjectEventFunction' was not declared in this scope
./ScintillaWX.cpp:333: error: 'wxEventFunction' was not declared in this scope

./ScintillaWX.cpp:333: error: 'wxIdleEventFunction' was not declared in this scope
./ScintillaWX.cpp:333: error: 'wxStyledTextCtrl' is not a class or namespace
./ScintillaWX.cpp:335: error: 'stc' was not declared in this scope
./PlatWX.cpp:627: error: expected initializer before '*' token
./ScintillaWX.cpp:335: error: 'wxID_ANY' was not declared in this scope
./ScintillaWX.cpp:335: error: 'wxEVT_IDLE' was not declared in this scope
./ScintillaWX.cpp:336: error: 'wxObjectEventFunction' was not declared in this scope
./ScintillaWX.cpp:336: error: 'wxEventFunction' was not declared in this scope
./ScintillaWX.cpp:336: error: 'wxIdleEventFunction' was not declared in this scope./PlatWX.cpp: In member function 'void Window::Destroy()':
./PlatWX.cpp:635: error: 'GETWIN' was not declared in this scope

./PlatWX.cpp: In member function 'bool Window::HasFocus()':
./PlatWX.cpp:641: error: 'wxWindow' has not been declared./ScintillaWX.cpp:336: error: 'wxStyledTextCtrl' is not a class or namespace

./PlatWX.cpp:641: error: 'GETWIN' was not declared in this scope
./ScintillaWX.cpp: In member function 'virtual void ScintillaWX::SetTicking(bool)':
./ScintillaWX.cpp:349: error: 'class wxSTCTimer' has no member named 'Start'
./PlatWX.cpp: In member function 'PRectangle Window::GetPosition()':
./PlatWX.cpp:646: error: 'wxRect' was not declared in this scope
./ScintillaWX.cpp:353: error: 'class wxSTCTimer' has no member named 'Stop'./PlatWX.cpp:646: error: expected `;' before 'rc'
./PlatWX.cpp:647: error: 'rc' was not declared in this scope

./PlatWX.cpp: In member function 'void Window::SetPosition(PRectangle)':
./PlatWX.cpp:651: error: 'wxRect' was not declared in this scope
./ScintillaWX.cpp: In member function 'virtual void ScintillaWX::SetMouseCapture(bool)':
./ScintillaWX.cpp:365: error: 'stc' was not declared in this scope./PlatWX.cpp:651: error: expected `;' before 'r'

./PlatWX.cpp:652: error: 'GETWIN' was not declared in this scope
./PlatWX.cpp:652: error: 'r' was not declared in this scope./ScintillaWX.cpp:366: error: 'stc' was not declared in this scope

./ScintillaWX.cpp: In member function 'virtual void ScintillaWX::ScrollText(int)':
./ScintillaWX.cpp:380: error: 'stc' was not declared in this scope
./PlatWX.cpp: In member function 'PRectangle Window::GetClientPosition()':
./PlatWX.cpp:661: error: 'wxSize' was not declared in this scope
./ScintillaWX.cpp: In member function 'virtual void ScintillaWX::SetVerticalScrollPos()':
./ScintillaWX.cpp:385: error: 'stc' was not declared in this scope
./PlatWX.cpp:661: error: expected `;' before 'sz'
./ScintillaWX.cpp:386: error: 'wxVERTICAL' was not declared in this scope./PlatWX.cpp:662: error: 'sz' was not declared in this scope

./PlatWX.cpp: In member function 'void Window::Show(bool)':
./PlatWX.cpp:666: error: 'GETWIN' was not declared in this scope
./ScintillaWX.cpp: In member function 'virtual void ScintillaWX::SetHorizontalScrollPos()':
./ScintillaWX.cpp:394: error: 'stc' was not declared in this scope
./PlatWX.cpp: In member function 'void Window::InvalidateAll()':
./PlatWX.cpp:670: error: 'GETWIN' was not declared in this scope
./ScintillaWX.cpp:395: error: 'wxHORIZONTAL' was not declared in this scope
./PlatWX.cpp: In member function 'void Window::InvalidateRectangle(PRectangle)':
./PlatWX.cpp:674: error: 'wxRect' was not declared in this scope
./PlatWX.cpp:674: error: expected `;' before 'r'./ScintillaWX.cpp: In member function 'virtual bool ScintillaWX::ModifyScrollBars(int, int)':
./ScintillaWX.cpp:413: error: 'stc' was not declared in this scope
./ScintillaWX.cpp:414: error: 'wxVERTICAL' was not declared in this scope

./PlatWX.cpp:675: error: 'GETWIN' was not declared in this scope
./PlatWX.cpp:675: error: 'r' was not declared in this scope
./ScintillaWX.cpp:442: error: 'stc' was not declared in this scope
./PlatWX.cpp: In member function 'virtual void Window::SetFont(Font&)':
./PlatWX.cpp:679: error: 'GETWIN' was not declared in this scope./ScintillaWX.cpp:443: error: 'wxHORIZONTAL' was not declared in this scope

./PlatWX.cpp:679: error: 'wxFont' was not declared in this scope
./PlatWX.cpp:679: error: expected primary-expression before ')' token
./PlatWX.cpp:679: error: expected `)' before 'font'
./PlatWX.cpp: In member function 'void Window::SetCursor(Window::Cursor)':
./PlatWX.cpp:687: error: 'wxCURSOR_IBEAM' was not declared in this scope
./PlatWX.cpp:690: error: 'wxCURSOR_ARROW' was not declared in this scope
./PlatWX.cpp:696: error: 'wxCURSOR_WAIT' was not declared in this scope
./PlatWX.cpp:699: error: 'wxCURSOR_SIZEWE' was not declared in this scope
./ScintillaWX.cpp: In member function 'virtual void ScintillaWX::NotifyChange()':
./ScintillaWX.cpp:472: error: 'stc' was not declared in this scope
./PlatWX.cpp:702: error: 'wxCURSOR_SIZENS' was not declared in this scope
./ScintillaWX.cpp: In member function 'virtual void ScintillaWX::NotifyParent(SCNotification)':
./ScintillaWX.cpp:477: error: 'stc' was not declared in this scope
./PlatWX.cpp:705: error: 'wxCURSOR_RIGHT_ARROW' was not declared in this scope
./PlatWX.cpp:708: error: 'wxCURSOR_HAND' was not declared in this scope
./PlatWX.cpp:717: error: 'wxCursor' was not declared in this scope
./PlatWX.cpp:717: error: expected `;' before 'wc'
./ScintillaWX.cpp: In member function 'virtual void ScintillaWX::CopyToClipboard(const SelectionText&)':
./ScintillaWX.cpp:549: error: 'wxUnusedVar' was not declared in this scope
./PlatWX.cpp:721: error: 'GETWIN' was not declared in this scope
./PlatWX.cpp:721: error: 'wc' was not declared in this scope
./ScintillaWX.cpp: In member function 'virtual void ScintillaWX::CreateCallTipWindow(PRectangle)':
./ScintillaWX.cpp:579: error: 'stc' was not declared in this scope
./PlatWX.cpp: In member function 'void Window::SetTitle(const char*)':
./PlatWX.cpp:728: error: 'GETWIN' was not declared in this scope
./PlatWX.cpp:728: error: 'stc2wx' was not declared in this scope
./PlatWX.cpp: At global scope:
./PlatWX.cpp:738: error: expected class-name before '{' token
./ScintillaWX.cpp: In member function 'virtual void ScintillaWX::AddToPopUp(const char*, int, bool)':
./ScintillaWX.cpp:587: error: 'wxMenu' was not declared in this scope./PlatWX.cpp:740: error: expected `)' before '*' token
./ScintillaWX.cpp:587: error: expected primary-expression before ')' token
./ScintillaWX.cpp:587: error: expected `)' before 'popup'
./PlatWX.cpp:752: error: 'wxFocusEvent' has not been declared
./ScintillaWX.cpp:589: error: 'wxMenu' was not declared in this scope
./ScintillaWX.cpp:589: error: expected primary-expression before ')' token
./ScintillaWX.cpp:589: error: expected `)' before 'popup'
./ScintillaWX.cpp:592: error: 'wxMenu' was not declared in this scope
./ScintillaWX.cpp:592: error: expected primary-expression before ')' token
./ScintillaWX.cpp:592: error: expected `)' before 'popup'

./PlatWX.cpp:757: error: 'wxFocusEvent' has not been declared
./PlatWX.cpp:757: error: expected ',' or '...' before '(' token
./PlatWX.cpp:779: error: ISO C++ forbids declaration of 'DECLARE_EVENT_TABLE' with no type
./PlatWX.cpp:780: error: expected ';' before '}' token
./PlatWX.cpp:780: error: expected `;' before '}' token
./PlatWX.cpp: In member function 'void wxSTCListBox::OnFocus(int&)':
./PlatWX.cpp:753: error: 'GetParent' was not declared in this scope
./PlatWX.cpp:754: error: request for member 'Skip' in 'event', which is of non-class type 'int'
./PlatWX.cpp: At global scope:
./PlatWX.cpp:782: error: 'wxListView' has not been declared
./PlatWX.cpp:783: error: expected constructor, destructor, or type conversion before 'EVT_SET_FOCUS'
./ScintillaWX.cpp: At global scope:
./ScintillaWX.cpp:753: error: variable or field 'DoPaint' declared void
./ScintillaWX.cpp:753: error: 'wxDC' was not declared in this scope
./ScintillaWX.cpp:753: error: 'dc' was not declared in this scope
./ScintillaWX.cpp:753: error: 'wxRect' was not declared in this scope
gmake[2]: *** [stcdll_PlatWX.o] ÐžÑˆÐ¸Ð±ÐºÐ° 1
gmake[2]: *** [stcdll_ScintillaWX.o] ÐžÑˆÐ¸Ð±ÐºÐ° 1
gmake[2]: Ð’Ñ‹Ñ…Ð¾Ð´ Ð¸Ð· ÐºÐ°Ñ‚Ð°Ð»Ð¾Ð³Ð° `/usr/ports/x11-toolkits/wxgtk28-contrib/work/wxGTK-2.8.12/contrib/src/stc'
gmake[2]: Ð’Ñ…Ð¾Ð´ Ð² ÐºÐ°Ñ‚Ð°Ð»Ð¾Ð³ `/usr/ports/x11-toolkits/wxgtk28-contrib/work/wxGTK-2.8.12/contrib/src/svg'
/usr/ports/x11-toolkits/wxgtk28-contrib/work/wxGTK-2.8.12/bk-make-pch ./.pch/wxprec_svgdll/wx/wxprec.h.gch wx/wxprec.h c++ -I./.pch/wxprec_svgdll -D__WXGTK__     -DWXBUILDING -I./../../include -DWXUSINGDLL -DWXMAKINGDLL_SVG -fPIC -DPIC  -O2 -pipe -fno-strict-aliasing 
error: can't find header wx/wxprec.h in include paths
/usr/ports/x11-toolkits/wxgtk28-contrib/work/wxGTK-2.8.12/bk-deps c++ -c -o svgdll_dcsvg.o -I./.pch/wxprec_svgdll -D__WXGTK__     -DWXBUILDING -I./../../include -DWXUSINGDLL -DWXMAKINGDLL_SVG -fPIC -DPIC  -O2 -pipe -fno-strict-aliasing  ./dcsvg.cpp
./dcsvg.cpp:12:23: error: wx/wxprec.h: No such file or directory
./dcsvg.cpp:19:19: error: wx/wx.h: No such file or directory
In file included from ./dcsvg.cpp:22:
./../../include/wx/svg/dcsvg.h:3:25: error: wx/wfstream.h: No such file or directory
./../../include/wx/svg/dcsvg.h:4:23: error: wx/string.h: No such file or directory
./dcsvg.cpp:24:22: error: wx/image.h: No such file or directory
./dcsvg.cpp:25:25: error: wx/filename.h: No such file or directory
In file included from ./dcsvg.cpp:22:
./../../include/wx/svg/dcsvg.h:20: error: function definition does not declare parameters
./dcsvg.cpp: In function 'double DegToRad(double)':
./dcsvg.cpp:39: error: 'M_PI' was not declared in this scope
./dcsvg.cpp: At global scope:
./dcsvg.cpp:41: error: 'wxString' does not name a type
./dcsvg.cpp:54: error: 'wxString' does not name a type
./dcsvg.cpp:75: error: 'wxSVGFileDC' has not been declared
./dcsvg.cpp:75: error: variable or field 'Init' declared void
./dcsvg.cpp:75: error: 'wxString' was not declared in this scope
./dcsvg.cpp:75: error: expected primary-expression before 'int'
./dcsvg.cpp:75: error: expected primary-expression before 'int'
./dcsvg.cpp:75: error: expected primary-expression before 'float'
gmake[2]: *** [svgdll_dcsvg.o] ÐžÑˆÐ¸Ð±ÐºÐ° 1
gmake[2]: Ð’Ñ‹Ñ…Ð¾Ð´ Ð¸Ð· ÐºÐ°Ñ‚Ð°Ð»Ð¾Ð³Ð° `/usr/ports/x11-toolkits/wxgtk28-contrib/work/wxGTK-2.8.12/contrib/src/svg'
gmake[1]: *** [all] ÐžÑˆÐ¸Ð±ÐºÐ° 2
gmake[1]: Ð’Ñ‹Ñ…Ð¾Ð´ Ð¸Ð· ÐºÐ°Ñ‚Ð°Ð»Ð¾Ð³Ð° `/usr/ports/x11-toolkits/wxgtk28-contrib/work/wxGTK-2.8.12/contrib/src'
gmake: *** [all] ÐžÑˆÐ¸Ð±ÐºÐ° 2
*** [do-build] Error code 1

Stop in /usr/ports/x11-toolkits/wxgtk28-contrib.
*** [install] Error code 1

Stop in /usr/ports/x11-toolkits/wxgtk28-contrib.
*** [lib-depends] Error code 1

Stop in /usr/ports/x11-toolkits/py-wxPython28.
]0;ishayahu@pcbsd-8463:/usr/ports/x11-toolkits/py-wxPython28[[1mishayahu@pcbsd-8463[m] [1m/usr/ports/x11-toolkits/py-wxPython28[m# exit
exit

Script done on Wed Jan  9 13:37:11 2013
